2021-05-21 19:45:44,106 INFO    MainThread:13453 [internal.py:wandb_internal():91] W&B internal server running at pid: 13453, started at: 2021-05-21 19:45:44.106596
2021-05-21 19:45:44,109 INFO    WriterThread:13453 [datastore.py:open_for_write():77] open: /home/usuariohi/Documentos/Repos/MixedMaskRCNN/wandb/run-20210521_194543-3l8lwafm/run-3l8lwafm.wandb
2021-05-21 19:45:44,112 DEBUG   HandlerThread:13453 [handler.py:handle_request():121] handle_request: check_version
2021-05-21 19:45:44,113 DEBUG   SenderThread:13453 [sender.py:send():176] send: header
2021-05-21 19:45:44,113 DEBUG   SenderThread:13453 [sender.py:send_request():186] send_request: check_version
2021-05-21 19:45:44,285 DEBUG   SenderThread:13453 [sender.py:send():176] send: run
2021-05-21 19:45:44,610 INFO    SenderThread:13453 [dir_watcher.py:__init__():168] watching files in: /home/usuariohi/Documentos/Repos/MixedMaskRCNN/wandb/run-20210521_194543-3l8lwafm/files
2021-05-21 19:45:44,610 INFO    SenderThread:13453 [sender.py:_start_run_threads():699] run started: 3l8lwafm with start time 1621637143
2021-05-21 19:45:44,611 DEBUG   SenderThread:13453 [sender.py:send():176] send: summary
2021-05-21 19:45:44,611 INFO    SenderThread:13453 [sender.py:_save_file():821] saving file wandb-summary.json with policy end
2021-05-21 19:45:44,613 DEBUG   HandlerThread:13453 [handler.py:handle_request():121] handle_request: run_start
2021-05-21 19:45:44,618 DEBUG   HandlerThread:13453 [meta.py:__init__():39] meta init
2021-05-21 19:45:44,619 DEBUG   HandlerThread:13453 [meta.py:__init__():53] meta init done
2021-05-21 19:45:44,619 DEBUG   HandlerThread:13453 [meta.py:probe():210] probe
2021-05-21 19:45:44,627 DEBUG   HandlerThread:13453 [meta.py:_setup_git():200] setup git
2021-05-21 19:45:44,642 DEBUG   HandlerThread:13453 [meta.py:_setup_git():207] setup git done
2021-05-21 19:45:44,643 DEBUG   HandlerThread:13453 [meta.py:_save_pip():57] save pip
2021-05-21 19:45:44,643 DEBUG   HandlerThread:13453 [meta.py:_save_pip():71] save pip done
2021-05-21 19:45:44,644 DEBUG   HandlerThread:13453 [meta.py:_save_conda():78] save conda
2021-05-21 19:45:45,608 INFO    Thread-8  :13453 [dir_watcher.py:_on_file_created():216] file/dir created: /home/usuariohi/Documentos/Repos/MixedMaskRCNN/wandb/run-20210521_194543-3l8lwafm/files/wandb-summary.json
2021-05-21 19:45:45,608 INFO    Thread-8  :13453 [dir_watcher.py:_on_file_created():216] file/dir created: /home/usuariohi/Documentos/Repos/MixedMaskRCNN/wandb/run-20210521_194543-3l8lwafm/files/conda-environment.yaml
2021-05-21 19:45:45,609 INFO    Thread-8  :13453 [dir_watcher.py:_on_file_created():216] file/dir created: /home/usuariohi/Documentos/Repos/MixedMaskRCNN/wandb/run-20210521_194543-3l8lwafm/files/requirements.txt
2021-05-21 19:45:47,607 INFO    Thread-8  :13453 [dir_watcher.py:_on_file_modified():229] file/dir modified: /home/usuariohi/Documentos/Repos/MixedMaskRCNN/wandb/run-20210521_194543-3l8lwafm/files/conda-environment.yaml
2021-05-21 19:45:50,608 INFO    Thread-8  :13453 [dir_watcher.py:_on_file_created():216] file/dir created: /home/usuariohi/Documentos/Repos/MixedMaskRCNN/wandb/run-20210521_194543-3l8lwafm/files/output.log
2021-05-21 19:45:55,610 INFO    Thread-8  :13453 [dir_watcher.py:_on_file_created():216] file/dir created: /home/usuariohi/Documentos/Repos/MixedMaskRCNN/wandb/run-20210521_194543-3l8lwafm/files/media/graph/graph_0_summary_54c3e273.graph.json
2021-05-21 19:45:55,611 INFO    Thread-8  :13453 [dir_watcher.py:_on_file_created():216] file/dir created: /home/usuariohi/Documentos/Repos/MixedMaskRCNN/wandb/run-20210521_194543-3l8lwafm/files/media
2021-05-21 19:45:55,611 INFO    Thread-8  :13453 [dir_watcher.py:_on_file_created():216] file/dir created: /home/usuariohi/Documentos/Repos/MixedMaskRCNN/wandb/run-20210521_194543-3l8lwafm/files/media/graph
2021-05-21 19:46:26,968 DEBUG   HandlerThread:13453 [meta.py:_save_conda():86] save conda done
2021-05-21 19:46:26,969 DEBUG   HandlerThread:13453 [meta.py:probe():252] probe done
2021-05-21 19:46:26,972 DEBUG   HandlerThread:13453 [handler.py:handle_request():121] handle_request: stop_status
2021-05-21 19:46:26,972 DEBUG   SenderThread:13453 [sender.py:send_request():186] send_request: stop_status
2021-05-21 19:46:27,227 DEBUG   SenderThread:13453 [sender.py:send():176] send: files
2021-05-21 19:46:27,230 INFO    SenderThread:13453 [sender.py:_save_file():821] saving file media/graph/graph_0_summary_54c3e273.graph.json with policy now
2021-05-21 19:46:27,230 DEBUG   SenderThread:13453 [sender.py:send():176] send: summary
2021-05-21 19:46:27,231 INFO    SenderThread:13453 [sender.py:_save_file():821] saving file wandb-summary.json with policy end
2021-05-21 19:46:27,231 DEBUG   SenderThread:13453 [sender.py:send():176] send: stats
2021-05-21 19:46:27,232 DEBUG   SenderThread:13453 [sender.py:send():176] send: files
2021-05-21 19:46:27,232 INFO    SenderThread:13453 [sender.py:_save_file():821] saving file wandb-metadata.json with policy now
2021-05-21 19:46:27,626 INFO    Thread-8  :13453 [dir_watcher.py:_on_file_modified():229] file/dir modified: /home/usuariohi/Documentos/Repos/MixedMaskRCNN/wandb/run-20210521_194543-3l8lwafm/files/wandb-summary.json
2021-05-21 19:46:27,626 INFO    Thread-8  :13453 [dir_watcher.py:_on_file_created():216] file/dir created: /home/usuariohi/Documentos/Repos/MixedMaskRCNN/wandb/run-20210521_194543-3l8lwafm/files/wandb-metadata.json
2021-05-21 19:46:27,912 INFO    Thread-11 :13453 [upload_job.py:push():133] Uploaded file /tmp/tmp26wffwvxwandb/1p6yhjt6-media/graph/graph_0_summary_54c3e273.graph.json
2021-05-21 19:46:27,964 INFO    Thread-12 :13453 [upload_job.py:push():133] Uploaded file /tmp/tmp26wffwvxwandb/7w8okccl-wandb-metadata.json
2021-05-21 19:46:42,231 DEBUG   HandlerThread:13453 [handler.py:handle_request():121] handle_request: stop_status
2021-05-21 19:46:42,231 DEBUG   SenderThread:13453 [sender.py:send_request():186] send_request: stop_status
2021-05-21 19:46:43,506 DEBUG   SenderThread:13453 [sender.py:send():176] send: stats
2021-05-21 19:46:57,483 DEBUG   HandlerThread:13453 [handler.py:handle_request():121] handle_request: stop_status
2021-05-21 19:46:57,483 DEBUG   SenderThread:13453 [sender.py:send_request():186] send_request: stop_status
2021-05-21 19:47:12,747 DEBUG   HandlerThread:13453 [handler.py:handle_request():121] handle_request: stop_status
2021-05-21 19:47:12,747 DEBUG   SenderThread:13453 [sender.py:send_request():186] send_request: stop_status
2021-05-21 19:47:13,859 DEBUG   SenderThread:13453 [sender.py:send():176] send: stats
2021-05-21 19:47:28,000 DEBUG   HandlerThread:13453 [handler.py:handle_request():121] handle_request: stop_status
2021-05-21 19:47:28,001 DEBUG   SenderThread:13453 [sender.py:send_request():186] send_request: stop_status
2021-05-21 19:47:43,241 DEBUG   HandlerThread:13453 [handler.py:handle_request():121] handle_request: stop_status
2021-05-21 19:47:43,241 DEBUG   SenderThread:13453 [sender.py:send_request():186] send_request: stop_status
2021-05-21 19:47:44,282 DEBUG   SenderThread:13453 [sender.py:send():176] send: stats
2021-05-21 19:47:58,493 DEBUG   HandlerThread:13453 [handler.py:handle_request():121] handle_request: stop_status
2021-05-21 19:47:58,493 DEBUG   SenderThread:13453 [sender.py:send_request():186] send_request: stop_status
2021-05-21 19:48:13,736 DEBUG   HandlerThread:13453 [handler.py:handle_request():121] handle_request: stop_status
2021-05-21 19:48:13,736 DEBUG   SenderThread:13453 [sender.py:send_request():186] send_request: stop_status
2021-05-21 19:48:14,682 DEBUG   SenderThread:13453 [sender.py:send():176] send: stats
2021-05-21 19:48:28,998 DEBUG   HandlerThread:13453 [handler.py:handle_request():121] handle_request: stop_status
2021-05-21 19:48:28,998 DEBUG   SenderThread:13453 [sender.py:send_request():186] send_request: stop_status
2021-05-21 19:48:44,291 DEBUG   HandlerThread:13453 [handler.py:handle_request():121] handle_request: stop_status
2021-05-21 19:48:44,292 DEBUG   SenderThread:13453 [sender.py:send_request():186] send_request: stop_status
2021-05-21 19:48:45,039 DEBUG   SenderThread:13453 [sender.py:send():176] send: stats
2021-05-21 19:48:59,549 DEBUG   HandlerThread:13453 [handler.py:handle_request():121] handle_request: stop_status
2021-05-21 19:48:59,550 DEBUG   SenderThread:13453 [sender.py:send_request():186] send_request: stop_status
2021-05-21 19:49:14,817 DEBUG   HandlerThread:13453 [handler.py:handle_request():121] handle_request: stop_status
2021-05-21 19:49:14,818 DEBUG   SenderThread:13453 [sender.py:send_request():186] send_request: stop_status
2021-05-21 19:49:15,509 DEBUG   SenderThread:13453 [sender.py:send():176] send: stats
2021-05-21 19:49:30,068 DEBUG   HandlerThread:13453 [handler.py:handle_request():121] handle_request: stop_status
2021-05-21 19:49:30,068 DEBUG   SenderThread:13453 [sender.py:send_request():186] send_request: stop_status
2021-05-21 19:49:45,320 DEBUG   HandlerThread:13453 [handler.py:handle_request():121] handle_request: stop_status
2021-05-21 19:49:45,320 DEBUG   SenderThread:13453 [sender.py:send_request():186] send_request: stop_status
2021-05-21 19:49:45,944 DEBUG   SenderThread:13453 [sender.py:send():176] send: stats
2021-05-21 19:50:00,564 DEBUG   HandlerThread:13453 [handler.py:handle_request():121] handle_request: stop_status
2021-05-21 19:50:00,564 DEBUG   SenderThread:13453 [sender.py:send_request():186] send_request: stop_status
2021-05-21 19:50:15,812 DEBUG   HandlerThread:13453 [handler.py:handle_request():121] handle_request: stop_status
2021-05-21 19:50:15,813 DEBUG   SenderThread:13453 [sender.py:send_request():186] send_request: stop_status
2021-05-21 19:50:16,375 DEBUG   SenderThread:13453 [sender.py:send():176] send: stats
2021-05-21 19:50:31,064 DEBUG   HandlerThread:13453 [handler.py:handle_request():121] handle_request: stop_status
2021-05-21 19:50:31,064 DEBUG   SenderThread:13453 [sender.py:send_request():186] send_request: stop_status
2021-05-21 19:50:46,318 DEBUG   HandlerThread:13453 [handler.py:handle_request():121] handle_request: stop_status
2021-05-21 19:50:46,319 DEBUG   SenderThread:13453 [sender.py:send_request():186] send_request: stop_status
2021-05-21 19:50:46,826 DEBUG   SenderThread:13453 [sender.py:send():176] send: stats
2021-05-21 19:51:01,827 DEBUG   HandlerThread:13453 [handler.py:handle_request():121] handle_request: stop_status
2021-05-21 19:51:01,828 DEBUG   SenderThread:13453 [sender.py:send_request():186] send_request: stop_status
2021-05-21 19:51:17,086 DEBUG   HandlerThread:13453 [handler.py:handle_request():121] handle_request: stop_status
2021-05-21 19:51:17,086 DEBUG   SenderThread:13453 [sender.py:send_request():186] send_request: stop_status
2021-05-21 19:51:17,331 DEBUG   SenderThread:13453 [sender.py:send():176] send: stats
2021-05-21 19:51:32,338 DEBUG   HandlerThread:13453 [handler.py:handle_request():121] handle_request: stop_status
2021-05-21 19:51:32,338 DEBUG   SenderThread:13453 [sender.py:send_request():186] send_request: stop_status
2021-05-21 19:51:47,509 DEBUG   SenderThread:13453 [sender.py:send():176] send: stats
2021-05-21 19:51:47,578 DEBUG   HandlerThread:13453 [handler.py:handle_request():121] handle_request: stop_status
2021-05-21 19:51:47,579 DEBUG   SenderThread:13453 [sender.py:send_request():186] send_request: stop_status
2021-05-21 19:52:02,825 DEBUG   HandlerThread:13453 [handler.py:handle_request():121] handle_request: stop_status
2021-05-21 19:52:02,825 DEBUG   SenderThread:13453 [sender.py:send_request():186] send_request: stop_status
2021-05-21 19:52:17,760 DEBUG   SenderThread:13453 [sender.py:send():176] send: history
2021-05-21 19:52:17,783 DEBUG   SenderThread:13453 [sender.py:send():176] send: summary
2021-05-21 19:52:17,794 INFO    SenderThread:13453 [sender.py:_save_file():821] saving file wandb-summary.json with policy end
2021-05-21 19:52:17,814 INFO    Thread-8  :13453 [dir_watcher.py:_on_file_modified():229] file/dir modified: /home/usuariohi/Documentos/Repos/MixedMaskRCNN/wandb/run-20210521_194543-3l8lwafm/files/wandb-summary.json
2021-05-21 19:52:17,936 DEBUG   SenderThread:13453 [sender.py:send():176] send: stats
2021-05-21 19:52:18,085 DEBUG   HandlerThread:13453 [handler.py:handle_request():121] handle_request: stop_status
2021-05-21 19:52:18,085 DEBUG   SenderThread:13453 [sender.py:send_request():186] send_request: stop_status
2021-05-21 19:52:33,338 DEBUG   HandlerThread:13453 [handler.py:handle_request():121] handle_request: stop_status
2021-05-21 19:52:33,338 DEBUG   SenderThread:13453 [sender.py:send_request():186] send_request: stop_status
2021-05-21 19:52:48,336 DEBUG   SenderThread:13453 [sender.py:send():176] send: stats
2021-05-21 19:52:48,583 DEBUG   HandlerThread:13453 [handler.py:handle_request():121] handle_request: stop_status
2021-05-21 19:52:48,584 DEBUG   SenderThread:13453 [sender.py:send_request():186] send_request: stop_status
2021-05-21 19:53:03,837 DEBUG   HandlerThread:13453 [handler.py:handle_request():121] handle_request: stop_status
2021-05-21 19:53:03,837 DEBUG   SenderThread:13453 [sender.py:send_request():186] send_request: stop_status
2021-05-21 19:53:18,747 DEBUG   SenderThread:13453 [sender.py:send():176] send: stats
2021-05-21 19:53:19,089 DEBUG   HandlerThread:13453 [handler.py:handle_request():121] handle_request: stop_status
2021-05-21 19:53:19,089 DEBUG   SenderThread:13453 [sender.py:send_request():186] send_request: stop_status
2021-05-21 19:53:34,342 DEBUG   HandlerThread:13453 [handler.py:handle_request():121] handle_request: stop_status
2021-05-21 19:53:34,342 DEBUG   SenderThread:13453 [sender.py:send_request():186] send_request: stop_status
2021-05-21 19:53:49,105 DEBUG   SenderThread:13453 [sender.py:send():176] send: stats
2021-05-21 19:53:49,609 DEBUG   HandlerThread:13453 [handler.py:handle_request():121] handle_request: stop_status
2021-05-21 19:53:49,610 DEBUG   SenderThread:13453 [sender.py:send_request():186] send_request: stop_status
2021-05-21 19:54:04,866 DEBUG   HandlerThread:13453 [handler.py:handle_request():121] handle_request: stop_status
2021-05-21 19:54:04,866 DEBUG   SenderThread:13453 [sender.py:send_request():186] send_request: stop_status
2021-05-21 19:54:19,525 DEBUG   SenderThread:13453 [sender.py:send():176] send: stats
2021-05-21 19:54:20,122 DEBUG   HandlerThread:13453 [handler.py:handle_request():121] handle_request: stop_status
2021-05-21 19:54:20,122 DEBUG   SenderThread:13453 [sender.py:send_request():186] send_request: stop_status
2021-05-21 19:54:35,370 DEBUG   HandlerThread:13453 [handler.py:handle_request():121] handle_request: stop_status
2021-05-21 19:54:35,371 DEBUG   SenderThread:13453 [sender.py:send_request():186] send_request: stop_status
2021-05-21 19:54:49,946 DEBUG   SenderThread:13453 [sender.py:send():176] send: stats
2021-05-21 19:54:50,620 DEBUG   HandlerThread:13453 [handler.py:handle_request():121] handle_request: stop_status
2021-05-21 19:54:50,621 DEBUG   SenderThread:13453 [sender.py:send_request():186] send_request: stop_status
2021-05-21 19:55:05,874 DEBUG   HandlerThread:13453 [handler.py:handle_request():121] handle_request: stop_status
2021-05-21 19:55:05,875 DEBUG   SenderThread:13453 [sender.py:send_request():186] send_request: stop_status
2021-05-21 19:55:20,397 DEBUG   SenderThread:13453 [sender.py:send():176] send: stats
2021-05-21 19:55:21,130 DEBUG   HandlerThread:13453 [handler.py:handle_request():121] handle_request: stop_status
2021-05-21 19:55:21,130 DEBUG   SenderThread:13453 [sender.py:send_request():186] send_request: stop_status
2021-05-21 19:55:36,394 DEBUG   HandlerThread:13453 [handler.py:handle_request():121] handle_request: stop_status
2021-05-21 19:55:36,394 DEBUG   SenderThread:13453 [sender.py:send_request():186] send_request: stop_status
2021-05-21 19:55:50,779 DEBUG   SenderThread:13453 [sender.py:send():176] send: stats
2021-05-21 19:55:51,639 DEBUG   HandlerThread:13453 [handler.py:handle_request():121] handle_request: stop_status
2021-05-21 19:55:51,639 DEBUG   SenderThread:13453 [sender.py:send_request():186] send_request: stop_status
2021-05-21 19:56:06,974 DEBUG   HandlerThread:13453 [handler.py:handle_request():121] handle_request: stop_status
2021-05-21 19:56:06,974 DEBUG   SenderThread:13453 [sender.py:send_request():186] send_request: stop_status
2021-05-21 19:56:21,246 DEBUG   SenderThread:13453 [sender.py:send():176] send: stats
2021-05-21 19:56:22,217 DEBUG   HandlerThread:13453 [handler.py:handle_request():121] handle_request: stop_status
2021-05-21 19:56:22,217 DEBUG   SenderThread:13453 [sender.py:send_request():186] send_request: stop_status
2021-05-21 19:56:37,467 DEBUG   HandlerThread:13453 [handler.py:handle_request():121] handle_request: stop_status
2021-05-21 19:56:37,467 DEBUG   SenderThread:13453 [sender.py:send_request():186] send_request: stop_status
2021-05-21 19:56:51,601 DEBUG   SenderThread:13453 [sender.py:send():176] send: stats
2021-05-21 19:56:52,726 DEBUG   HandlerThread:13453 [handler.py:handle_request():121] handle_request: stop_status
2021-05-21 19:56:52,726 DEBUG   SenderThread:13453 [sender.py:send_request():186] send_request: stop_status
2021-05-21 19:57:07,983 DEBUG   HandlerThread:13453 [handler.py:handle_request():121] handle_request: stop_status
2021-05-21 19:57:07,983 DEBUG   SenderThread:13453 [sender.py:send_request():186] send_request: stop_status
2021-05-21 19:57:21,999 DEBUG   SenderThread:13453 [sender.py:send():176] send: stats
2021-05-21 19:57:23,232 DEBUG   HandlerThread:13453 [handler.py:handle_request():121] handle_request: stop_status
2021-05-21 19:57:23,233 DEBUG   SenderThread:13453 [sender.py:send_request():186] send_request: stop_status
2021-05-21 19:57:38,487 DEBUG   HandlerThread:13453 [handler.py:handle_request():121] handle_request: stop_status
2021-05-21 19:57:38,487 DEBUG   SenderThread:13453 [sender.py:send_request():186] send_request: stop_status
2021-05-21 19:57:52,431 DEBUG   SenderThread:13453 [sender.py:send():176] send: stats
2021-05-21 19:57:53,748 DEBUG   HandlerThread:13453 [handler.py:handle_request():121] handle_request: stop_status
2021-05-21 19:57:53,748 DEBUG   SenderThread:13453 [sender.py:send_request():186] send_request: stop_status
2021-05-21 19:58:09,000 DEBUG   HandlerThread:13453 [handler.py:handle_request():121] handle_request: stop_status
2021-05-21 19:58:09,001 DEBUG   SenderThread:13453 [sender.py:send_request():186] send_request: stop_status
2021-05-21 19:58:22,832 DEBUG   SenderThread:13453 [sender.py:send():176] send: stats
2021-05-21 19:58:24,252 DEBUG   HandlerThread:13453 [handler.py:handle_request():121] handle_request: stop_status
2021-05-21 19:58:24,252 DEBUG   SenderThread:13453 [sender.py:send_request():186] send_request: stop_status
2021-05-21 19:58:37,981 DEBUG   SenderThread:13453 [sender.py:send():176] send: history
2021-05-21 19:58:38,006 DEBUG   SenderThread:13453 [sender.py:send():176] send: summary
2021-05-21 19:58:38,016 INFO    SenderThread:13453 [sender.py:_save_file():821] saving file wandb-summary.json with policy end
2021-05-21 19:58:38,051 INFO    Thread-8  :13453 [dir_watcher.py:_on_file_modified():229] file/dir modified: /home/usuariohi/Documentos/Repos/MixedMaskRCNN/wandb/run-20210521_194543-3l8lwafm/files/wandb-summary.json
2021-05-21 19:58:39,499 DEBUG   HandlerThread:13453 [handler.py:handle_request():121] handle_request: stop_status
2021-05-21 19:58:39,499 DEBUG   SenderThread:13453 [sender.py:send_request():186] send_request: stop_status
2021-05-21 19:58:53,243 DEBUG   SenderThread:13453 [sender.py:send():176] send: stats
2021-05-21 19:58:54,751 DEBUG   HandlerThread:13453 [handler.py:handle_request():121] handle_request: stop_status
2021-05-21 19:58:54,751 DEBUG   SenderThread:13453 [sender.py:send_request():186] send_request: stop_status
2021-05-21 19:59:09,999 DEBUG   HandlerThread:13453 [handler.py:handle_request():121] handle_request: stop_status
2021-05-21 19:59:09,999 DEBUG   SenderThread:13453 [sender.py:send_request():186] send_request: stop_status
2021-05-21 19:59:23,668 DEBUG   SenderThread:13453 [sender.py:send():176] send: stats
2021-05-21 19:59:25,252 DEBUG   HandlerThread:13453 [handler.py:handle_request():121] handle_request: stop_status
2021-05-21 19:59:25,252 DEBUG   SenderThread:13453 [sender.py:send_request():186] send_request: stop_status
2021-05-21 19:59:40,505 DEBUG   HandlerThread:13453 [handler.py:handle_request():121] handle_request: stop_status
2021-05-21 19:59:40,505 DEBUG   SenderThread:13453 [sender.py:send_request():186] send_request: stop_status
2021-05-21 19:59:54,117 DEBUG   SenderThread:13453 [sender.py:send():176] send: stats
2021-05-21 19:59:55,750 DEBUG   HandlerThread:13453 [handler.py:handle_request():121] handle_request: stop_status
2021-05-21 19:59:55,751 DEBUG   SenderThread:13453 [sender.py:send_request():186] send_request: stop_status
2021-05-21 20:00:10,991 DEBUG   HandlerThread:13453 [handler.py:handle_request():121] handle_request: stop_status
2021-05-21 20:00:10,992 DEBUG   SenderThread:13453 [sender.py:send_request():186] send_request: stop_status
2021-05-21 20:00:24,562 DEBUG   SenderThread:13453 [sender.py:send():176] send: stats
2021-05-21 20:00:26,249 DEBUG   HandlerThread:13453 [handler.py:handle_request():121] handle_request: stop_status
2021-05-21 20:00:26,253 DEBUG   SenderThread:13453 [sender.py:send_request():186] send_request: stop_status
2021-05-21 20:00:41,502 DEBUG   HandlerThread:13453 [handler.py:handle_request():121] handle_request: stop_status
2021-05-21 20:00:41,502 DEBUG   SenderThread:13453 [sender.py:send_request():186] send_request: stop_status
2021-05-21 20:00:54,977 DEBUG   SenderThread:13453 [sender.py:send():176] send: stats
2021-05-21 20:00:56,763 DEBUG   HandlerThread:13453 [handler.py:handle_request():121] handle_request: stop_status
2021-05-21 20:00:56,763 DEBUG   SenderThread:13453 [sender.py:send_request():186] send_request: stop_status
2021-05-21 20:01:12,320 DEBUG   HandlerThread:13453 [handler.py:handle_request():121] handle_request: stop_status
2021-05-21 20:01:12,321 DEBUG   SenderThread:13453 [sender.py:send_request():186] send_request: stop_status
2021-05-21 20:01:25,381 DEBUG   SenderThread:13453 [sender.py:send():176] send: stats
2021-05-21 20:01:27,576 DEBUG   HandlerThread:13453 [handler.py:handle_request():121] handle_request: stop_status
2021-05-21 20:01:27,577 DEBUG   SenderThread:13453 [sender.py:send_request():186] send_request: stop_status
2021-05-21 20:01:42,877 DEBUG   HandlerThread:13453 [handler.py:handle_request():121] handle_request: stop_status
2021-05-21 20:01:42,878 DEBUG   SenderThread:13453 [sender.py:send_request():186] send_request: stop_status
2021-05-21 20:01:55,835 DEBUG   SenderThread:13453 [sender.py:send():176] send: stats
2021-05-21 20:01:58,141 DEBUG   HandlerThread:13453 [handler.py:handle_request():121] handle_request: stop_status
2021-05-21 20:01:58,141 DEBUG   SenderThread:13453 [sender.py:send_request():186] send_request: stop_status
2021-05-21 20:02:13,385 DEBUG   HandlerThread:13453 [handler.py:handle_request():121] handle_request: stop_status
2021-05-21 20:02:13,385 DEBUG   SenderThread:13453 [sender.py:send_request():186] send_request: stop_status
2021-05-21 20:02:26,284 DEBUG   SenderThread:13453 [sender.py:send():176] send: stats
2021-05-21 20:02:28,630 DEBUG   HandlerThread:13453 [handler.py:handle_request():121] handle_request: stop_status
2021-05-21 20:02:28,631 DEBUG   SenderThread:13453 [sender.py:send_request():186] send_request: stop_status
2021-05-21 20:02:43,897 DEBUG   HandlerThread:13453 [handler.py:handle_request():121] handle_request: stop_status
2021-05-21 20:02:43,897 DEBUG   SenderThread:13453 [sender.py:send_request():186] send_request: stop_status
2021-05-21 20:02:56,671 DEBUG   SenderThread:13453 [sender.py:send():176] send: stats
2021-05-21 20:02:59,151 DEBUG   HandlerThread:13453 [handler.py:handle_request():121] handle_request: stop_status
2021-05-21 20:02:59,151 DEBUG   SenderThread:13453 [sender.py:send_request():186] send_request: stop_status
2021-05-21 20:03:14,405 DEBUG   HandlerThread:13453 [handler.py:handle_request():121] handle_request: stop_status
2021-05-21 20:03:14,406 DEBUG   SenderThread:13453 [sender.py:send_request():186] send_request: stop_status
2021-05-21 20:03:27,068 DEBUG   SenderThread:13453 [sender.py:send():176] send: stats
2021-05-21 20:03:29,658 DEBUG   HandlerThread:13453 [handler.py:handle_request():121] handle_request: stop_status
2021-05-21 20:03:29,659 DEBUG   SenderThread:13453 [sender.py:send_request():186] send_request: stop_status
2021-05-21 20:03:44,906 DEBUG   HandlerThread:13453 [handler.py:handle_request():121] handle_request: stop_status
2021-05-21 20:03:44,906 DEBUG   SenderThread:13453 [sender.py:send_request():186] send_request: stop_status
2021-05-21 20:03:57,453 DEBUG   SenderThread:13453 [sender.py:send():176] send: stats
2021-05-21 20:04:00,153 DEBUG   HandlerThread:13453 [handler.py:handle_request():121] handle_request: stop_status
2021-05-21 20:04:00,153 DEBUG   SenderThread:13453 [sender.py:send_request():186] send_request: stop_status
2021-05-21 20:04:15,402 DEBUG   HandlerThread:13453 [handler.py:handle_request():121] handle_request: stop_status
2021-05-21 20:04:15,402 DEBUG   SenderThread:13453 [sender.py:send_request():186] send_request: stop_status
2021-05-21 20:04:27,898 DEBUG   SenderThread:13453 [sender.py:send():176] send: stats
2021-05-21 20:04:30,647 DEBUG   HandlerThread:13453 [handler.py:handle_request():121] handle_request: stop_status
2021-05-21 20:04:30,648 DEBUG   SenderThread:13453 [sender.py:send_request():186] send_request: stop_status
2021-05-21 20:04:45,891 DEBUG   HandlerThread:13453 [handler.py:handle_request():121] handle_request: stop_status
2021-05-21 20:04:45,892 DEBUG   SenderThread:13453 [sender.py:send_request():186] send_request: stop_status
2021-05-21 20:04:58,316 DEBUG   SenderThread:13453 [sender.py:send():176] send: stats
2021-05-21 20:05:01,145 DEBUG   HandlerThread:13453 [handler.py:handle_request():121] handle_request: stop_status
2021-05-21 20:05:01,145 DEBUG   SenderThread:13453 [sender.py:send_request():186] send_request: stop_status
2021-05-21 20:05:13,157 DEBUG   SenderThread:13453 [sender.py:send():176] send: history
2021-05-21 20:05:13,179 DEBUG   SenderThread:13453 [sender.py:send():176] send: summary
2021-05-21 20:05:13,191 INFO    SenderThread:13453 [sender.py:_save_file():821] saving file wandb-summary.json with policy end
2021-05-21 20:05:13,296 INFO    Thread-8  :13453 [dir_watcher.py:_on_file_modified():229] file/dir modified: /home/usuariohi/Documentos/Repos/MixedMaskRCNN/wandb/run-20210521_194543-3l8lwafm/files/wandb-summary.json
2021-05-21 20:05:16,400 DEBUG   HandlerThread:13453 [handler.py:handle_request():121] handle_request: stop_status
2021-05-21 20:05:16,401 DEBUG   SenderThread:13453 [sender.py:send_request():186] send_request: stop_status
2021-05-21 20:05:28,708 DEBUG   SenderThread:13453 [sender.py:send():176] send: stats
2021-05-21 20:05:31,649 DEBUG   HandlerThread:13453 [handler.py:handle_request():121] handle_request: stop_status
2021-05-21 20:05:31,650 DEBUG   SenderThread:13453 [sender.py:send_request():186] send_request: stop_status
2021-05-21 20:05:46,901 DEBUG   HandlerThread:13453 [handler.py:handle_request():121] handle_request: stop_status
2021-05-21 20:05:46,901 DEBUG   SenderThread:13453 [sender.py:send_request():186] send_request: stop_status
2021-05-21 20:05:59,088 DEBUG   SenderThread:13453 [sender.py:send():176] send: stats
2021-05-21 20:06:02,158 DEBUG   HandlerThread:13453 [handler.py:handle_request():121] handle_request: stop_status
2021-05-21 20:06:02,159 DEBUG   SenderThread:13453 [sender.py:send_request():186] send_request: stop_status
2021-05-21 20:06:17,672 DEBUG   HandlerThread:13453 [handler.py:handle_request():121] handle_request: stop_status
2021-05-21 20:06:17,672 DEBUG   SenderThread:13453 [sender.py:send_request():186] send_request: stop_status
2021-05-21 20:06:29,499 DEBUG   SenderThread:13453 [sender.py:send():176] send: stats
2021-05-21 20:06:32,928 DEBUG   HandlerThread:13453 [handler.py:handle_request():121] handle_request: stop_status
2021-05-21 20:06:32,929 DEBUG   SenderThread:13453 [sender.py:send_request():186] send_request: stop_status
2021-05-21 20:06:48,192 DEBUG   HandlerThread:13453 [handler.py:handle_request():121] handle_request: stop_status
2021-05-21 20:06:48,192 DEBUG   SenderThread:13453 [sender.py:send_request():186] send_request: stop_status
2021-05-21 20:06:59,888 DEBUG   SenderThread:13453 [sender.py:send():176] send: stats
2021-05-21 20:07:03,437 DEBUG   HandlerThread:13453 [handler.py:handle_request():121] handle_request: stop_status
2021-05-21 20:07:03,437 DEBUG   SenderThread:13453 [sender.py:send_request():186] send_request: stop_status
2021-05-21 20:07:18,687 DEBUG   HandlerThread:13453 [handler.py:handle_request():121] handle_request: stop_status
2021-05-21 20:07:18,688 DEBUG   SenderThread:13453 [sender.py:send_request():186] send_request: stop_status
2021-05-21 20:07:30,268 DEBUG   SenderThread:13453 [sender.py:send():176] send: stats
2021-05-21 20:07:33,931 DEBUG   HandlerThread:13453 [handler.py:handle_request():121] handle_request: stop_status
2021-05-21 20:07:33,932 DEBUG   SenderThread:13453 [sender.py:send_request():186] send_request: stop_status
2021-05-21 20:07:49,198 DEBUG   HandlerThread:13453 [handler.py:handle_request():121] handle_request: stop_status
2021-05-21 20:07:49,198 DEBUG   SenderThread:13453 [sender.py:send_request():186] send_request: stop_status
2021-05-21 20:08:00,688 DEBUG   SenderThread:13453 [sender.py:send():176] send: stats
2021-05-21 20:08:04,445 DEBUG   HandlerThread:13453 [handler.py:handle_request():121] handle_request: stop_status
2021-05-21 20:08:04,446 DEBUG   SenderThread:13453 [sender.py:send_request():186] send_request: stop_status
2021-05-21 20:08:19,704 DEBUG   HandlerThread:13453 [handler.py:handle_request():121] handle_request: stop_status
2021-05-21 20:08:19,704 DEBUG   SenderThread:13453 [sender.py:send_request():186] send_request: stop_status
2021-05-21 20:08:31,130 DEBUG   SenderThread:13453 [sender.py:send():176] send: stats
2021-05-21 20:08:34,962 DEBUG   HandlerThread:13453 [handler.py:handle_request():121] handle_request: stop_status
2021-05-21 20:08:34,963 DEBUG   SenderThread:13453 [sender.py:send_request():186] send_request: stop_status
2021-05-21 20:08:50,215 DEBUG   HandlerThread:13453 [handler.py:handle_request():121] handle_request: stop_status
2021-05-21 20:08:50,215 DEBUG   SenderThread:13453 [sender.py:send_request():186] send_request: stop_status
2021-05-21 20:09:01,531 DEBUG   SenderThread:13453 [sender.py:send():176] send: stats
2021-05-21 20:09:05,473 DEBUG   HandlerThread:13453 [handler.py:handle_request():121] handle_request: stop_status
2021-05-21 20:09:05,474 DEBUG   SenderThread:13453 [sender.py:send_request():186] send_request: stop_status
2021-05-21 20:09:20,748 DEBUG   HandlerThread:13453 [handler.py:handle_request():121] handle_request: stop_status
2021-05-21 20:09:20,748 DEBUG   SenderThread:13453 [sender.py:send_request():186] send_request: stop_status
2021-05-21 20:09:31,955 DEBUG   SenderThread:13453 [sender.py:send():176] send: stats
2021-05-21 20:09:36,000 DEBUG   HandlerThread:13453 [handler.py:handle_request():121] handle_request: stop_status
2021-05-21 20:09:36,000 DEBUG   SenderThread:13453 [sender.py:send_request():186] send_request: stop_status
2021-05-21 20:09:51,258 DEBUG   HandlerThread:13453 [handler.py:handle_request():121] handle_request: stop_status
2021-05-21 20:09:51,258 DEBUG   SenderThread:13453 [sender.py:send_request():186] send_request: stop_status
2021-05-21 20:10:02,365 DEBUG   SenderThread:13453 [sender.py:send():176] send: stats
2021-05-21 20:10:06,525 DEBUG   HandlerThread:13453 [handler.py:handle_request():121] handle_request: stop_status
2021-05-21 20:10:06,526 DEBUG   SenderThread:13453 [sender.py:send_request():186] send_request: stop_status
2021-05-21 20:10:21,773 DEBUG   HandlerThread:13453 [handler.py:handle_request():121] handle_request: stop_status
2021-05-21 20:10:21,773 DEBUG   SenderThread:13453 [sender.py:send_request():186] send_request: stop_status
2021-05-21 20:10:32,814 DEBUG   SenderThread:13453 [sender.py:send():176] send: stats
2021-05-21 20:10:37,033 DEBUG   HandlerThread:13453 [handler.py:handle_request():121] handle_request: stop_status
2021-05-21 20:10:37,033 DEBUG   SenderThread:13453 [sender.py:send_request():186] send_request: stop_status
2021-05-21 20:10:52,283 DEBUG   HandlerThread:13453 [handler.py:handle_request():121] handle_request: stop_status
2021-05-21 20:10:52,284 DEBUG   SenderThread:13453 [sender.py:send_request():186] send_request: stop_status
2021-05-21 20:11:03,255 DEBUG   SenderThread:13453 [sender.py:send():176] send: stats
2021-05-21 20:11:07,537 DEBUG   HandlerThread:13453 [handler.py:handle_request():121] handle_request: stop_status
2021-05-21 20:11:07,537 DEBUG   SenderThread:13453 [sender.py:send_request():186] send_request: stop_status
2021-05-21 20:11:23,074 DEBUG   HandlerThread:13453 [handler.py:handle_request():121] handle_request: stop_status
2021-05-21 20:11:23,074 DEBUG   SenderThread:13453 [sender.py:send_request():186] send_request: stop_status
2021-05-21 20:11:33,647 DEBUG   SenderThread:13453 [sender.py:send():176] send: stats
2021-05-21 20:11:35,867 DEBUG   SenderThread:13453 [sender.py:send():176] send: history
2021-05-21 20:11:35,894 DEBUG   SenderThread:13453 [sender.py:send():176] send: summary
2021-05-21 20:11:35,916 INFO    SenderThread:13453 [sender.py:_save_file():821] saving file wandb-summary.json with policy end
2021-05-21 20:11:36,494 INFO    Thread-8  :13453 [dir_watcher.py:_on_file_modified():229] file/dir modified: /home/usuariohi/Documentos/Repos/MixedMaskRCNN/wandb/run-20210521_194543-3l8lwafm/files/wandb-summary.json
2021-05-21 20:11:38,332 DEBUG   HandlerThread:13453 [handler.py:handle_request():121] handle_request: stop_status
2021-05-21 20:11:38,332 DEBUG   SenderThread:13453 [sender.py:send_request():186] send_request: stop_status
2021-05-21 20:11:53,593 DEBUG   HandlerThread:13453 [handler.py:handle_request():121] handle_request: stop_status
2021-05-21 20:11:53,593 DEBUG   SenderThread:13453 [sender.py:send_request():186] send_request: stop_status
2021-05-21 20:12:04,070 DEBUG   SenderThread:13453 [sender.py:send():176] send: stats
2021-05-21 20:12:08,842 DEBUG   HandlerThread:13453 [handler.py:handle_request():121] handle_request: stop_status
2021-05-21 20:12:08,842 DEBUG   SenderThread:13453 [sender.py:send_request():186] send_request: stop_status
2021-05-21 20:12:24,089 DEBUG   HandlerThread:13453 [handler.py:handle_request():121] handle_request: stop_status
2021-05-21 20:12:24,089 DEBUG   SenderThread:13453 [sender.py:send_request():186] send_request: stop_status
2021-05-21 20:12:34,457 DEBUG   SenderThread:13453 [sender.py:send():176] send: stats
2021-05-21 20:12:39,337 DEBUG   HandlerThread:13453 [handler.py:handle_request():121] handle_request: stop_status
2021-05-21 20:12:39,337 DEBUG   SenderThread:13453 [sender.py:send_request():186] send_request: stop_status
2021-05-21 20:12:54,603 DEBUG   HandlerThread:13453 [handler.py:handle_request():121] handle_request: stop_status
2021-05-21 20:12:54,604 DEBUG   SenderThread:13453 [sender.py:send_request():186] send_request: stop_status
2021-05-21 20:13:04,882 DEBUG   SenderThread:13453 [sender.py:send():176] send: stats
2021-05-21 20:13:09,876 DEBUG   HandlerThread:13453 [handler.py:handle_request():121] handle_request: stop_status
2021-05-21 20:13:09,876 DEBUG   SenderThread:13453 [sender.py:send_request():186] send_request: stop_status
2021-05-21 20:13:25,133 DEBUG   HandlerThread:13453 [handler.py:handle_request():121] handle_request: stop_status
2021-05-21 20:13:25,134 DEBUG   SenderThread:13453 [sender.py:send_request():186] send_request: stop_status
2021-05-21 20:13:35,323 DEBUG   SenderThread:13453 [sender.py:send():176] send: stats
2021-05-21 20:13:40,400 DEBUG   HandlerThread:13453 [handler.py:handle_request():121] handle_request: stop_status
2021-05-21 20:13:40,400 DEBUG   SenderThread:13453 [sender.py:send_request():186] send_request: stop_status
2021-05-21 20:13:55,652 DEBUG   HandlerThread:13453 [handler.py:handle_request():121] handle_request: stop_status
2021-05-21 20:13:55,652 DEBUG   SenderThread:13453 [sender.py:send_request():186] send_request: stop_status
2021-05-21 20:14:05,691 DEBUG   SenderThread:13453 [sender.py:send():176] send: stats
2021-05-21 20:14:10,901 DEBUG   HandlerThread:13453 [handler.py:handle_request():121] handle_request: stop_status
2021-05-21 20:14:10,901 DEBUG   SenderThread:13453 [sender.py:send_request():186] send_request: stop_status
2021-05-21 20:14:26,153 DEBUG   HandlerThread:13453 [handler.py:handle_request():121] handle_request: stop_status
2021-05-21 20:14:26,153 DEBUG   SenderThread:13453 [sender.py:send_request():186] send_request: stop_status
2021-05-21 20:14:36,059 DEBUG   SenderThread:13453 [sender.py:send():176] send: stats
2021-05-21 20:14:41,405 DEBUG   HandlerThread:13453 [handler.py:handle_request():121] handle_request: stop_status
2021-05-21 20:14:41,406 DEBUG   SenderThread:13453 [sender.py:send_request():186] send_request: stop_status
2021-05-21 20:14:56,651 DEBUG   HandlerThread:13453 [handler.py:handle_request():121] handle_request: stop_status
2021-05-21 20:14:56,651 DEBUG   SenderThread:13453 [sender.py:send_request():186] send_request: stop_status
2021-05-21 20:15:06,504 DEBUG   SenderThread:13453 [sender.py:send():176] send: stats
2021-05-21 20:15:11,902 DEBUG   HandlerThread:13453 [handler.py:handle_request():121] handle_request: stop_status
2021-05-21 20:15:11,902 DEBUG   SenderThread:13453 [sender.py:send_request():186] send_request: stop_status
2021-05-21 20:15:27,160 DEBUG   HandlerThread:13453 [handler.py:handle_request():121] handle_request: stop_status
2021-05-21 20:15:27,160 DEBUG   SenderThread:13453 [sender.py:send_request():186] send_request: stop_status
2021-05-21 20:15:36,918 DEBUG   SenderThread:13453 [sender.py:send():176] send: stats
2021-05-21 20:15:42,420 DEBUG   HandlerThread:13453 [handler.py:handle_request():121] handle_request: stop_status
2021-05-21 20:15:42,421 DEBUG   SenderThread:13453 [sender.py:send_request():186] send_request: stop_status
2021-05-21 20:15:57,668 DEBUG   HandlerThread:13453 [handler.py:handle_request():121] handle_request: stop_status
2021-05-21 20:15:57,668 DEBUG   SenderThread:13453 [sender.py:send_request():186] send_request: stop_status
2021-05-21 20:16:07,354 DEBUG   SenderThread:13453 [sender.py:send():176] send: stats
2021-05-21 20:16:12,915 DEBUG   HandlerThread:13453 [handler.py:handle_request():121] handle_request: stop_status
2021-05-21 20:16:12,915 DEBUG   SenderThread:13453 [sender.py:send_request():186] send_request: stop_status
2021-05-21 20:16:28,342 DEBUG   HandlerThread:13453 [handler.py:handle_request():121] handle_request: stop_status
2021-05-21 20:16:28,343 DEBUG   SenderThread:13453 [sender.py:send_request():186] send_request: stop_status
2021-05-21 20:16:37,749 DEBUG   SenderThread:13453 [sender.py:send():176] send: stats
2021-05-21 20:16:43,597 DEBUG   HandlerThread:13453 [handler.py:handle_request():121] handle_request: stop_status
2021-05-21 20:16:43,598 DEBUG   SenderThread:13453 [sender.py:send_request():186] send_request: stop_status
2021-05-21 20:16:58,849 DEBUG   HandlerThread:13453 [handler.py:handle_request():121] handle_request: stop_status
2021-05-21 20:16:58,850 DEBUG   SenderThread:13453 [sender.py:send_request():186] send_request: stop_status
2021-05-21 20:17:08,181 DEBUG   SenderThread:13453 [sender.py:send():176] send: stats
2021-05-21 20:17:14,118 DEBUG   HandlerThread:13453 [handler.py:handle_request():121] handle_request: stop_status
2021-05-21 20:17:14,119 DEBUG   SenderThread:13453 [sender.py:send_request():186] send_request: stop_status
2021-05-21 20:17:29,380 DEBUG   HandlerThread:13453 [handler.py:handle_request():121] handle_request: stop_status
2021-05-21 20:17:29,380 DEBUG   SenderThread:13453 [sender.py:send_request():186] send_request: stop_status
2021-05-21 20:17:38,594 DEBUG   SenderThread:13453 [sender.py:send():176] send: stats
2021-05-21 20:17:44,630 DEBUG   HandlerThread:13453 [handler.py:handle_request():121] handle_request: stop_status
2021-05-21 20:17:44,630 DEBUG   SenderThread:13453 [sender.py:send_request():186] send_request: stop_status
2021-05-21 20:17:52,695 DEBUG   SenderThread:13453 [sender.py:send():176] send: history
2021-05-21 20:17:52,720 DEBUG   SenderThread:13453 [sender.py:send():176] send: summary
2021-05-21 20:17:52,731 INFO    Thread-8  :13453 [dir_watcher.py:_on_file_modified():229] file/dir modified: /home/usuariohi/Documentos/Repos/MixedMaskRCNN/wandb/run-20210521_194543-3l8lwafm/files/wandb-summary.json
2021-05-21 20:17:52,731 INFO    SenderThread:13453 [sender.py:_save_file():821] saving file wandb-summary.json with policy end
2021-05-21 20:17:59,889 DEBUG   HandlerThread:13453 [handler.py:handle_request():121] handle_request: stop_status
2021-05-21 20:17:59,889 DEBUG   SenderThread:13453 [sender.py:send_request():186] send_request: stop_status
2021-05-21 20:18:09,033 DEBUG   SenderThread:13453 [sender.py:send():176] send: stats
2021-05-21 20:18:15,139 DEBUG   HandlerThread:13453 [handler.py:handle_request():121] handle_request: stop_status
2021-05-21 20:18:15,140 DEBUG   SenderThread:13453 [sender.py:send_request():186] send_request: stop_status
2021-05-21 20:18:30,402 DEBUG   HandlerThread:13453 [handler.py:handle_request():121] handle_request: stop_status
2021-05-21 20:18:30,402 DEBUG   SenderThread:13453 [sender.py:send_request():186] send_request: stop_status
2021-05-21 20:18:39,472 DEBUG   SenderThread:13453 [sender.py:send():176] send: stats
2021-05-21 20:18:45,656 DEBUG   HandlerThread:13453 [handler.py:handle_request():121] handle_request: stop_status
2021-05-21 20:18:45,657 DEBUG   SenderThread:13453 [sender.py:send_request():186] send_request: stop_status
2021-05-21 20:19:00,905 DEBUG   HandlerThread:13453 [handler.py:handle_request():121] handle_request: stop_status
2021-05-21 20:19:00,905 DEBUG   SenderThread:13453 [sender.py:send_request():186] send_request: stop_status
2021-05-21 20:19:09,873 DEBUG   SenderThread:13453 [sender.py:send():176] send: stats
2021-05-21 20:19:16,163 DEBUG   HandlerThread:13453 [handler.py:handle_request():121] handle_request: stop_status
2021-05-21 20:19:16,163 DEBUG   SenderThread:13453 [sender.py:send_request():186] send_request: stop_status
2021-05-21 20:19:31,415 DEBUG   HandlerThread:13453 [handler.py:handle_request():121] handle_request: stop_status
2021-05-21 20:19:31,416 DEBUG   SenderThread:13453 [sender.py:send_request():186] send_request: stop_status
2021-05-21 20:19:40,253 DEBUG   SenderThread:13453 [sender.py:send():176] send: stats
2021-05-21 20:19:46,660 DEBUG   HandlerThread:13453 [handler.py:handle_request():121] handle_request: stop_status
2021-05-21 20:19:46,660 DEBUG   SenderThread:13453 [sender.py:send_request():186] send_request: stop_status
2021-05-21 20:20:01,904 DEBUG   HandlerThread:13453 [handler.py:handle_request():121] handle_request: stop_status
2021-05-21 20:20:01,904 DEBUG   SenderThread:13453 [sender.py:send_request():186] send_request: stop_status
2021-05-21 20:20:10,647 DEBUG   SenderThread:13453 [sender.py:send():176] send: stats
2021-05-21 20:20:17,152 DEBUG   HandlerThread:13453 [handler.py:handle_request():121] handle_request: stop_status
2021-05-21 20:20:17,153 DEBUG   SenderThread:13453 [sender.py:send_request():186] send_request: stop_status
2021-05-21 20:20:32,405 DEBUG   HandlerThread:13453 [handler.py:handle_request():121] handle_request: stop_status
2021-05-21 20:20:32,405 DEBUG   SenderThread:13453 [sender.py:send_request():186] send_request: stop_status
2021-05-21 20:20:41,026 DEBUG   SenderThread:13453 [sender.py:send():176] send: stats
2021-05-21 20:20:47,655 DEBUG   HandlerThread:13453 [handler.py:handle_request():121] handle_request: stop_status
2021-05-21 20:20:47,655 DEBUG   SenderThread:13453 [sender.py:send_request():186] send_request: stop_status
2021-05-21 20:21:02,908 DEBUG   HandlerThread:13453 [handler.py:handle_request():121] handle_request: stop_status
2021-05-21 20:21:02,908 DEBUG   SenderThread:13453 [sender.py:send_request():186] send_request: stop_status
2021-05-21 20:21:11,423 DEBUG   SenderThread:13453 [sender.py:send():176] send: stats
2021-05-21 20:21:18,153 DEBUG   HandlerThread:13453 [handler.py:handle_request():121] handle_request: stop_status
2021-05-21 20:21:18,154 DEBUG   SenderThread:13453 [sender.py:send_request():186] send_request: stop_status
2021-05-21 20:21:33,433 DEBUG   HandlerThread:13453 [handler.py:handle_request():121] handle_request: stop_status
2021-05-21 20:21:33,434 DEBUG   SenderThread:13453 [sender.py:send_request():186] send_request: stop_status
2021-05-21 20:21:41,812 DEBUG   SenderThread:13453 [sender.py:send():176] send: stats
2021-05-21 20:21:48,691 DEBUG   HandlerThread:13453 [handler.py:handle_request():121] handle_request: stop_status
2021-05-21 20:21:48,691 DEBUG   SenderThread:13453 [sender.py:send_request():186] send_request: stop_status
2021-05-21 20:22:03,943 DEBUG   HandlerThread:13453 [handler.py:handle_request():121] handle_request: stop_status
2021-05-21 20:22:03,943 DEBUG   SenderThread:13453 [sender.py:send_request():186] send_request: stop_status
2021-05-21 20:22:12,211 DEBUG   SenderThread:13453 [sender.py:send():176] send: stats
2021-05-21 20:22:19,192 DEBUG   HandlerThread:13453 [handler.py:handle_request():121] handle_request: stop_status
2021-05-21 20:22:19,193 DEBUG   SenderThread:13453 [sender.py:send_request():186] send_request: stop_status
2021-05-21 20:22:34,445 DEBUG   HandlerThread:13453 [handler.py:handle_request():121] handle_request: stop_status
2021-05-21 20:22:34,446 DEBUG   SenderThread:13453 [sender.py:send_request():186] send_request: stop_status
2021-05-21 20:22:42,675 DEBUG   SenderThread:13453 [sender.py:send():176] send: stats
2021-05-21 20:22:49,715 DEBUG   HandlerThread:13453 [handler.py:handle_request():121] handle_request: stop_status
2021-05-21 20:22:49,716 DEBUG   SenderThread:13453 [sender.py:send_request():186] send_request: stop_status
2021-05-21 20:23:04,977 DEBUG   HandlerThread:13453 [handler.py:handle_request():121] handle_request: stop_status
2021-05-21 20:23:04,977 DEBUG   SenderThread:13453 [sender.py:send_request():186] send_request: stop_status
2021-05-21 20:23:13,065 DEBUG   SenderThread:13453 [sender.py:send():176] send: stats
2021-05-21 20:23:20,247 DEBUG   HandlerThread:13453 [handler.py:handle_request():121] handle_request: stop_status
2021-05-21 20:23:20,248 DEBUG   SenderThread:13453 [sender.py:send_request():186] send_request: stop_status
2021-05-21 20:23:35,498 DEBUG   HandlerThread:13453 [handler.py:handle_request():121] handle_request: stop_status
2021-05-21 20:23:35,499 DEBUG   SenderThread:13453 [sender.py:send_request():186] send_request: stop_status
2021-05-21 20:23:43,452 DEBUG   SenderThread:13453 [sender.py:send():176] send: stats
2021-05-21 20:23:50,759 DEBUG   HandlerThread:13453 [handler.py:handle_request():121] handle_request: stop_status
2021-05-21 20:23:50,759 DEBUG   SenderThread:13453 [sender.py:send_request():186] send_request: stop_status
2021-05-21 20:24:06,009 DEBUG   HandlerThread:13453 [handler.py:handle_request():121] handle_request: stop_status
2021-05-21 20:24:06,009 DEBUG   SenderThread:13453 [sender.py:send_request():186] send_request: stop_status
2021-05-21 20:24:13,856 DEBUG   SenderThread:13453 [sender.py:send():176] send: stats
2021-05-21 20:24:21,265 DEBUG   HandlerThread:13453 [handler.py:handle_request():121] handle_request: stop_status
2021-05-21 20:24:21,266 DEBUG   SenderThread:13453 [sender.py:send_request():186] send_request: stop_status
2021-05-21 20:24:24,303 DEBUG   SenderThread:13453 [sender.py:send():176] send: history
2021-05-21 20:24:24,332 DEBUG   SenderThread:13453 [sender.py:send():176] send: summary
2021-05-21 20:24:24,342 INFO    SenderThread:13453 [sender.py:_save_file():821] saving file wandb-summary.json with policy end
2021-05-21 20:24:24,954 INFO    Thread-8  :13453 [dir_watcher.py:_on_file_modified():229] file/dir modified: /home/usuariohi/Documentos/Repos/MixedMaskRCNN/wandb/run-20210521_194543-3l8lwafm/files/wandb-summary.json
2021-05-21 20:24:36,594 DEBUG   HandlerThread:13453 [handler.py:handle_request():121] handle_request: stop_status
2021-05-21 20:24:36,594 DEBUG   SenderThread:13453 [sender.py:send_request():186] send_request: stop_status
2021-05-21 20:24:44,255 DEBUG   SenderThread:13453 [sender.py:send():176] send: stats
2021-05-21 20:24:51,844 DEBUG   HandlerThread:13453 [handler.py:handle_request():121] handle_request: stop_status
2021-05-21 20:24:51,845 DEBUG   SenderThread:13453 [sender.py:send_request():186] send_request: stop_status
2021-05-21 20:25:07,112 DEBUG   HandlerThread:13453 [handler.py:handle_request():121] handle_request: stop_status
2021-05-21 20:25:07,112 DEBUG   SenderThread:13453 [sender.py:send_request():186] send_request: stop_status
2021-05-21 20:25:14,717 DEBUG   SenderThread:13453 [sender.py:send():176] send: stats
2021-05-21 20:25:22,379 DEBUG   HandlerThread:13453 [handler.py:handle_request():121] handle_request: stop_status
2021-05-21 20:25:22,379 DEBUG   SenderThread:13453 [sender.py:send_request():186] send_request: stop_status
2021-05-21 20:25:37,631 DEBUG   HandlerThread:13453 [handler.py:handle_request():121] handle_request: stop_status
2021-05-21 20:25:37,631 DEBUG   SenderThread:13453 [sender.py:send_request():186] send_request: stop_status
2021-05-21 20:25:45,162 DEBUG   SenderThread:13453 [sender.py:send():176] send: stats
2021-05-21 20:25:52,874 DEBUG   HandlerThread:13453 [handler.py:handle_request():121] handle_request: stop_status
2021-05-21 20:25:52,874 DEBUG   SenderThread:13453 [sender.py:send_request():186] send_request: stop_status
2021-05-21 20:26:08,117 DEBUG   HandlerThread:13453 [handler.py:handle_request():121] handle_request: stop_status
2021-05-21 20:26:08,118 DEBUG   SenderThread:13453 [sender.py:send_request():186] send_request: stop_status
2021-05-21 20:26:15,556 DEBUG   SenderThread:13453 [sender.py:send():176] send: stats
2021-05-21 20:26:23,363 DEBUG   HandlerThread:13453 [handler.py:handle_request():121] handle_request: stop_status
2021-05-21 20:26:23,364 DEBUG   SenderThread:13453 [sender.py:send_request():186] send_request: stop_status
2021-05-21 20:26:39,077 DEBUG   HandlerThread:13453 [handler.py:handle_request():121] handle_request: stop_status
2021-05-21 20:26:39,077 DEBUG   SenderThread:13453 [sender.py:send_request():186] send_request: stop_status
2021-05-21 20:26:45,955 DEBUG   SenderThread:13453 [sender.py:send():176] send: stats
2021-05-21 20:26:54,346 DEBUG   HandlerThread:13453 [handler.py:handle_request():121] handle_request: stop_status
2021-05-21 20:26:54,346 DEBUG   SenderThread:13453 [sender.py:send_request():186] send_request: stop_status
2021-05-21 20:27:09,605 DEBUG   HandlerThread:13453 [handler.py:handle_request():121] handle_request: stop_status
2021-05-21 20:27:09,605 DEBUG   SenderThread:13453 [sender.py:send_request():186] send_request: stop_status
2021-05-21 20:27:16,309 DEBUG   SenderThread:13453 [sender.py:send():176] send: stats
2021-05-21 20:27:24,856 DEBUG   HandlerThread:13453 [handler.py:handle_request():121] handle_request: stop_status
2021-05-21 20:27:24,857 DEBUG   SenderThread:13453 [sender.py:send_request():186] send_request: stop_status
2021-05-21 20:27:40,107 DEBUG   HandlerThread:13453 [handler.py:handle_request():121] handle_request: stop_status
2021-05-21 20:27:40,108 DEBUG   SenderThread:13453 [sender.py:send_request():186] send_request: stop_status
2021-05-21 20:27:46,735 DEBUG   SenderThread:13453 [sender.py:send():176] send: stats
2021-05-21 20:27:55,365 DEBUG   HandlerThread:13453 [handler.py:handle_request():121] handle_request: stop_status
2021-05-21 20:27:55,365 DEBUG   SenderThread:13453 [sender.py:send_request():186] send_request: stop_status
2021-05-21 20:28:10,616 DEBUG   HandlerThread:13453 [handler.py:handle_request():121] handle_request: stop_status
2021-05-21 20:28:10,616 DEBUG   SenderThread:13453 [sender.py:send_request():186] send_request: stop_status
2021-05-21 20:28:17,181 DEBUG   SenderThread:13453 [sender.py:send():176] send: stats
2021-05-21 20:28:25,872 DEBUG   HandlerThread:13453 [handler.py:handle_request():121] handle_request: stop_status
2021-05-21 20:28:25,873 DEBUG   SenderThread:13453 [sender.py:send_request():186] send_request: stop_status
2021-05-21 20:28:41,114 DEBUG   HandlerThread:13453 [handler.py:handle_request():121] handle_request: stop_status
2021-05-21 20:28:41,114 DEBUG   SenderThread:13453 [sender.py:send_request():186] send_request: stop_status
2021-05-21 20:28:47,593 DEBUG   SenderThread:13453 [sender.py:send():176] send: stats
2021-05-21 20:28:56,372 DEBUG   HandlerThread:13453 [handler.py:handle_request():121] handle_request: stop_status
2021-05-21 20:28:56,373 DEBUG   SenderThread:13453 [sender.py:send_request():186] send_request: stop_status
2021-05-21 20:29:11,638 DEBUG   HandlerThread:13453 [handler.py:handle_request():121] handle_request: stop_status
2021-05-21 20:29:11,639 DEBUG   SenderThread:13453 [sender.py:send_request():186] send_request: stop_status
2021-05-21 20:29:17,991 DEBUG   SenderThread:13453 [sender.py:send():176] send: stats
2021-05-21 20:29:26,892 DEBUG   HandlerThread:13453 [handler.py:handle_request():121] handle_request: stop_status
2021-05-21 20:29:26,893 DEBUG   SenderThread:13453 [sender.py:send_request():186] send_request: stop_status
2021-05-21 20:29:42,138 DEBUG   HandlerThread:13453 [handler.py:handle_request():121] handle_request: stop_status
2021-05-21 20:29:42,138 DEBUG   SenderThread:13453 [sender.py:send_request():186] send_request: stop_status
2021-05-21 20:29:48,394 DEBUG   SenderThread:13453 [sender.py:send():176] send: stats
2021-05-21 20:29:57,391 DEBUG   HandlerThread:13453 [handler.py:handle_request():121] handle_request: stop_status
2021-05-21 20:29:57,392 DEBUG   SenderThread:13453 [sender.py:send_request():186] send_request: stop_status
2021-05-21 20:30:12,649 DEBUG   HandlerThread:13453 [handler.py:handle_request():121] handle_request: stop_status
2021-05-21 20:30:12,650 DEBUG   SenderThread:13453 [sender.py:send_request():186] send_request: stop_status
2021-05-21 20:30:18,781 DEBUG   SenderThread:13453 [sender.py:send():176] send: stats
2021-05-21 20:30:27,915 DEBUG   HandlerThread:13453 [handler.py:handle_request():121] handle_request: stop_status
2021-05-21 20:30:27,915 DEBUG   SenderThread:13453 [sender.py:send_request():186] send_request: stop_status
2021-05-21 20:30:43,186 DEBUG   HandlerThread:13453 [handler.py:handle_request():121] handle_request: stop_status
2021-05-21 20:30:43,187 DEBUG   SenderThread:13453 [sender.py:send_request():186] send_request: stop_status
2021-05-21 20:30:49,167 DEBUG   SenderThread:13453 [sender.py:send():176] send: stats
2021-05-21 20:30:55,150 DEBUG   SenderThread:13453 [sender.py:send():176] send: history
2021-05-21 20:30:55,174 DEBUG   SenderThread:13453 [sender.py:send():176] send: summary
2021-05-21 20:30:55,184 INFO    Thread-8  :13453 [dir_watcher.py:_on_file_modified():229] file/dir modified: /home/usuariohi/Documentos/Repos/MixedMaskRCNN/wandb/run-20210521_194543-3l8lwafm/files/wandb-summary.json
2021-05-21 20:30:55,193 INFO    SenderThread:13453 [sender.py:_save_file():821] saving file wandb-summary.json with policy end
2021-05-21 20:30:58,438 DEBUG   HandlerThread:13453 [handler.py:handle_request():121] handle_request: stop_status
2021-05-21 20:30:58,439 DEBUG   SenderThread:13453 [sender.py:send_request():186] send_request: stop_status
2021-05-21 20:31:13,977 DEBUG   HandlerThread:13453 [handler.py:handle_request():121] handle_request: stop_status
2021-05-21 20:31:13,978 DEBUG   SenderThread:13453 [sender.py:send_request():186] send_request: stop_status
2021-05-21 20:31:19,604 DEBUG   SenderThread:13453 [sender.py:send():176] send: stats
2021-05-21 20:31:29,234 DEBUG   HandlerThread:13453 [handler.py:handle_request():121] handle_request: stop_status
2021-05-21 20:31:29,235 DEBUG   SenderThread:13453 [sender.py:send_request():186] send_request: stop_status
2021-05-21 20:31:44,766 DEBUG   HandlerThread:13453 [handler.py:handle_request():121] handle_request: stop_status
2021-05-21 20:31:44,766 DEBUG   SenderThread:13453 [sender.py:send_request():186] send_request: stop_status
2021-05-21 20:31:50,056 DEBUG   SenderThread:13453 [sender.py:send():176] send: stats
2021-05-21 20:32:00,022 DEBUG   HandlerThread:13453 [handler.py:handle_request():121] handle_request: stop_status
2021-05-21 20:32:00,023 DEBUG   SenderThread:13453 [sender.py:send_request():186] send_request: stop_status
2021-05-21 20:32:15,295 DEBUG   HandlerThread:13453 [handler.py:handle_request():121] handle_request: stop_status
2021-05-21 20:32:15,295 DEBUG   SenderThread:13453 [sender.py:send_request():186] send_request: stop_status
2021-05-21 20:32:20,493 DEBUG   SenderThread:13453 [sender.py:send():176] send: stats
2021-05-21 20:32:30,546 DEBUG   HandlerThread:13453 [handler.py:handle_request():121] handle_request: stop_status
2021-05-21 20:32:30,547 DEBUG   SenderThread:13453 [sender.py:send_request():186] send_request: stop_status
2021-05-21 20:32:45,798 DEBUG   HandlerThread:13453 [handler.py:handle_request():121] handle_request: stop_status
2021-05-21 20:32:45,799 DEBUG   SenderThread:13453 [sender.py:send_request():186] send_request: stop_status
2021-05-21 20:32:50,897 DEBUG   SenderThread:13453 [sender.py:send():176] send: stats
2021-05-21 20:33:01,046 DEBUG   HandlerThread:13453 [handler.py:handle_request():121] handle_request: stop_status
2021-05-21 20:33:01,047 DEBUG   SenderThread:13453 [sender.py:send_request():186] send_request: stop_status
2021-05-21 20:33:16,295 DEBUG   HandlerThread:13453 [handler.py:handle_request():121] handle_request: stop_status
2021-05-21 20:33:16,296 DEBUG   SenderThread:13453 [sender.py:send_request():186] send_request: stop_status
2021-05-21 20:33:21,278 DEBUG   SenderThread:13453 [sender.py:send():176] send: stats
2021-05-21 20:33:31,561 DEBUG   HandlerThread:13453 [handler.py:handle_request():121] handle_request: stop_status
2021-05-21 20:33:31,561 DEBUG   SenderThread:13453 [sender.py:send_request():186] send_request: stop_status
2021-05-21 20:33:46,805 DEBUG   HandlerThread:13453 [handler.py:handle_request():121] handle_request: stop_status
2021-05-21 20:33:46,805 DEBUG   SenderThread:13453 [sender.py:send_request():186] send_request: stop_status
2021-05-21 20:33:51,688 DEBUG   SenderThread:13453 [sender.py:send():176] send: stats
2021-05-21 20:34:02,060 DEBUG   HandlerThread:13453 [handler.py:handle_request():121] handle_request: stop_status
2021-05-21 20:34:02,060 DEBUG   SenderThread:13453 [sender.py:send_request():186] send_request: stop_status
2021-05-21 20:34:17,319 DEBUG   HandlerThread:13453 [handler.py:handle_request():121] handle_request: stop_status
2021-05-21 20:34:17,319 DEBUG   SenderThread:13453 [sender.py:send_request():186] send_request: stop_status
2021-05-21 20:34:22,073 DEBUG   SenderThread:13453 [sender.py:send():176] send: stats
2021-05-21 20:34:32,580 DEBUG   HandlerThread:13453 [handler.py:handle_request():121] handle_request: stop_status
2021-05-21 20:34:32,580 DEBUG   SenderThread:13453 [sender.py:send_request():186] send_request: stop_status
2021-05-21 20:34:47,849 DEBUG   HandlerThread:13453 [handler.py:handle_request():121] handle_request: stop_status
2021-05-21 20:34:47,850 DEBUG   SenderThread:13453 [sender.py:send_request():186] send_request: stop_status
2021-05-21 20:34:52,457 DEBUG   SenderThread:13453 [sender.py:send():176] send: stats
2021-05-21 20:35:03,104 DEBUG   HandlerThread:13453 [handler.py:handle_request():121] handle_request: stop_status
2021-05-21 20:35:03,104 DEBUG   SenderThread:13453 [sender.py:send_request():186] send_request: stop_status
2021-05-21 20:35:18,351 DEBUG   HandlerThread:13453 [handler.py:handle_request():121] handle_request: stop_status
2021-05-21 20:35:18,351 DEBUG   SenderThread:13453 [sender.py:send_request():186] send_request: stop_status
2021-05-21 20:35:22,839 DEBUG   SenderThread:13453 [sender.py:send():176] send: stats
2021-05-21 20:35:33,612 DEBUG   HandlerThread:13453 [handler.py:handle_request():121] handle_request: stop_status
2021-05-21 20:35:33,612 DEBUG   SenderThread:13453 [sender.py:send_request():186] send_request: stop_status
2021-05-21 20:35:48,865 DEBUG   HandlerThread:13453 [handler.py:handle_request():121] handle_request: stop_status
2021-05-21 20:35:48,865 DEBUG   SenderThread:13453 [sender.py:send_request():186] send_request: stop_status
2021-05-21 20:35:53,269 DEBUG   SenderThread:13453 [sender.py:send():176] send: stats
2021-05-21 20:36:04,115 DEBUG   HandlerThread:13453 [handler.py:handle_request():121] handle_request: stop_status
2021-05-21 20:36:04,115 DEBUG   SenderThread:13453 [sender.py:send_request():186] send_request: stop_status
2021-05-21 20:36:19,368 DEBUG   HandlerThread:13453 [handler.py:handle_request():121] handle_request: stop_status
2021-05-21 20:36:19,369 DEBUG   SenderThread:13453 [sender.py:send_request():186] send_request: stop_status
2021-05-21 20:36:23,718 DEBUG   SenderThread:13453 [sender.py:send():176] send: stats
2021-05-21 20:36:34,640 DEBUG   HandlerThread:13453 [handler.py:handle_request():121] handle_request: stop_status
2021-05-21 20:36:34,640 DEBUG   SenderThread:13453 [sender.py:send_request():186] send_request: stop_status
2021-05-21 20:36:50,278 DEBUG   HandlerThread:13453 [handler.py:handle_request():121] handle_request: stop_status
2021-05-21 20:36:50,279 DEBUG   SenderThread:13453 [sender.py:send_request():186] send_request: stop_status
2021-05-21 20:36:54,126 DEBUG   SenderThread:13453 [sender.py:send():176] send: stats
2021-05-21 20:37:05,525 DEBUG   HandlerThread:13453 [handler.py:handle_request():121] handle_request: stop_status
2021-05-21 20:37:05,525 DEBUG   SenderThread:13453 [sender.py:send_request():186] send_request: stop_status
2021-05-21 20:37:17,289 DEBUG   SenderThread:13453 [sender.py:send():176] send: history
2021-05-21 20:37:17,311 DEBUG   SenderThread:13453 [sender.py:send():176] send: summary
2021-05-21 20:37:17,321 INFO    SenderThread:13453 [sender.py:_save_file():821] saving file wandb-summary.json with policy end
2021-05-21 20:37:17,399 INFO    Thread-8  :13453 [dir_watcher.py:_on_file_modified():229] file/dir modified: /home/usuariohi/Documentos/Repos/MixedMaskRCNN/wandb/run-20210521_194543-3l8lwafm/files/wandb-summary.json
2021-05-21 20:37:20,775 DEBUG   HandlerThread:13453 [handler.py:handle_request():121] handle_request: stop_status
2021-05-21 20:37:20,775 DEBUG   SenderThread:13453 [sender.py:send_request():186] send_request: stop_status
2021-05-21 20:37:24,525 DEBUG   SenderThread:13453 [sender.py:send():176] send: stats
2021-05-21 20:37:36,029 DEBUG   HandlerThread:13453 [handler.py:handle_request():121] handle_request: stop_status
2021-05-21 20:37:36,030 DEBUG   SenderThread:13453 [sender.py:send_request():186] send_request: stop_status
2021-05-21 20:37:51,276 DEBUG   HandlerThread:13453 [handler.py:handle_request():121] handle_request: stop_status
2021-05-21 20:37:51,276 DEBUG   SenderThread:13453 [sender.py:send_request():186] send_request: stop_status
2021-05-21 20:37:54,919 DEBUG   SenderThread:13453 [sender.py:send():176] send: stats
2021-05-21 20:38:06,549 DEBUG   HandlerThread:13453 [handler.py:handle_request():121] handle_request: stop_status
2021-05-21 20:38:06,549 DEBUG   SenderThread:13453 [sender.py:send_request():186] send_request: stop_status
2021-05-21 20:38:21,799 DEBUG   HandlerThread:13453 [handler.py:handle_request():121] handle_request: stop_status
2021-05-21 20:38:21,799 DEBUG   SenderThread:13453 [sender.py:send_request():186] send_request: stop_status
2021-05-21 20:38:25,336 DEBUG   SenderThread:13453 [sender.py:send():176] send: stats
2021-05-21 20:38:37,056 DEBUG   HandlerThread:13453 [handler.py:handle_request():121] handle_request: stop_status
2021-05-21 20:38:37,056 DEBUG   SenderThread:13453 [sender.py:send_request():186] send_request: stop_status
2021-05-21 20:38:52,305 DEBUG   HandlerThread:13453 [handler.py:handle_request():121] handle_request: stop_status
2021-05-21 20:38:52,306 DEBUG   SenderThread:13453 [sender.py:send_request():186] send_request: stop_status
2021-05-21 20:38:55,743 DEBUG   SenderThread:13453 [sender.py:send():176] send: stats
2021-05-21 20:39:07,569 DEBUG   HandlerThread:13453 [handler.py:handle_request():121] handle_request: stop_status
2021-05-21 20:39:07,569 DEBUG   SenderThread:13453 [sender.py:send_request():186] send_request: stop_status
2021-05-21 20:39:22,820 DEBUG   HandlerThread:13453 [handler.py:handle_request():121] handle_request: stop_status
2021-05-21 20:39:22,820 DEBUG   SenderThread:13453 [sender.py:send_request():186] send_request: stop_status
2021-05-21 20:39:26,165 DEBUG   SenderThread:13453 [sender.py:send():176] send: stats
2021-05-21 20:39:38,069 DEBUG   HandlerThread:13453 [handler.py:handle_request():121] handle_request: stop_status
2021-05-21 20:39:38,070 DEBUG   SenderThread:13453 [sender.py:send_request():186] send_request: stop_status
2021-05-21 20:39:53,335 DEBUG   HandlerThread:13453 [handler.py:handle_request():121] handle_request: stop_status
2021-05-21 20:39:53,335 DEBUG   SenderThread:13453 [sender.py:send_request():186] send_request: stop_status
2021-05-21 20:39:56,590 DEBUG   SenderThread:13453 [sender.py:send():176] send: stats
2021-05-21 20:40:08,580 DEBUG   HandlerThread:13453 [handler.py:handle_request():121] handle_request: stop_status
2021-05-21 20:40:08,581 DEBUG   SenderThread:13453 [sender.py:send_request():186] send_request: stop_status
2021-05-21 20:40:23,842 DEBUG   HandlerThread:13453 [handler.py:handle_request():121] handle_request: stop_status
2021-05-21 20:40:23,842 DEBUG   SenderThread:13453 [sender.py:send_request():186] send_request: stop_status
2021-05-21 20:40:26,975 DEBUG   SenderThread:13453 [sender.py:send():176] send: stats
2021-05-21 20:40:39,095 DEBUG   HandlerThread:13453 [handler.py:handle_request():121] handle_request: stop_status
2021-05-21 20:40:39,095 DEBUG   SenderThread:13453 [sender.py:send_request():186] send_request: stop_status
2021-05-21 20:40:54,342 DEBUG   HandlerThread:13453 [handler.py:handle_request():121] handle_request: stop_status
2021-05-21 20:40:54,342 DEBUG   SenderThread:13453 [sender.py:send_request():186] send_request: stop_status
2021-05-21 20:40:57,351 DEBUG   SenderThread:13453 [sender.py:send():176] send: stats
2021-05-21 20:41:09,592 DEBUG   HandlerThread:13453 [handler.py:handle_request():121] handle_request: stop_status
2021-05-21 20:41:09,592 DEBUG   SenderThread:13453 [sender.py:send_request():186] send_request: stop_status
2021-05-21 20:41:24,845 DEBUG   HandlerThread:13453 [handler.py:handle_request():121] handle_request: stop_status
2021-05-21 20:41:24,845 DEBUG   SenderThread:13453 [sender.py:send_request():186] send_request: stop_status
2021-05-21 20:41:27,756 DEBUG   SenderThread:13453 [sender.py:send():176] send: stats
2021-05-21 20:41:40,095 DEBUG   HandlerThread:13453 [handler.py:handle_request():121] handle_request: stop_status
2021-05-21 20:41:40,096 DEBUG   SenderThread:13453 [sender.py:send_request():186] send_request: stop_status
2021-05-21 20:41:55,396 DEBUG   HandlerThread:13453 [handler.py:handle_request():121] handle_request: stop_status
2021-05-21 20:41:55,396 DEBUG   SenderThread:13453 [sender.py:send_request():186] send_request: stop_status
2021-05-21 20:41:58,190 DEBUG   SenderThread:13453 [sender.py:send():176] send: stats
2021-05-21 20:42:10,640 DEBUG   HandlerThread:13453 [handler.py:handle_request():121] handle_request: stop_status
2021-05-21 20:42:10,641 DEBUG   SenderThread:13453 [sender.py:send_request():186] send_request: stop_status
2021-05-21 20:42:25,891 DEBUG   HandlerThread:13453 [handler.py:handle_request():121] handle_request: stop_status
2021-05-21 20:42:25,891 DEBUG   SenderThread:13453 [sender.py:send_request():186] send_request: stop_status
2021-05-21 20:42:28,572 DEBUG   SenderThread:13453 [sender.py:send():176] send: stats
2021-05-21 20:42:41,142 DEBUG   HandlerThread:13453 [handler.py:handle_request():121] handle_request: stop_status
2021-05-21 20:42:41,142 DEBUG   SenderThread:13453 [sender.py:send_request():186] send_request: stop_status
2021-05-21 20:42:56,400 DEBUG   HandlerThread:13453 [handler.py:handle_request():121] handle_request: stop_status
2021-05-21 20:42:56,400 DEBUG   SenderThread:13453 [sender.py:send_request():186] send_request: stop_status
2021-05-21 20:42:58,947 DEBUG   SenderThread:13453 [sender.py:send():176] send: stats
2021-05-21 20:43:11,661 DEBUG   HandlerThread:13453 [handler.py:handle_request():121] handle_request: stop_status
2021-05-21 20:43:11,661 DEBUG   SenderThread:13453 [sender.py:send_request():186] send_request: stop_status
2021-05-21 20:43:26,924 DEBUG   HandlerThread:13453 [handler.py:handle_request():121] handle_request: stop_status
2021-05-21 20:43:26,924 DEBUG   SenderThread:13453 [sender.py:send_request():186] send_request: stop_status
2021-05-21 20:43:29,356 DEBUG   SenderThread:13453 [sender.py:send():176] send: stats
2021-05-21 20:43:42,188 DEBUG   HandlerThread:13453 [handler.py:handle_request():121] handle_request: stop_status
2021-05-21 20:43:42,189 DEBUG   SenderThread:13453 [sender.py:send_request():186] send_request: stop_status
2021-05-21 20:43:57,430 DEBUG   HandlerThread:13453 [handler.py:handle_request():121] handle_request: stop_status
2021-05-21 20:43:57,430 DEBUG   SenderThread:13453 [sender.py:send_request():186] send_request: stop_status
2021-05-21 20:43:59,757 DEBUG   SenderThread:13453 [sender.py:send():176] send: stats
2021-05-21 20:43:59,844 DEBUG   SenderThread:13453 [sender.py:send():176] send: history
2021-05-21 20:43:59,866 DEBUG   SenderThread:13453 [sender.py:send():176] send: summary
2021-05-21 20:43:59,877 INFO    SenderThread:13453 [sender.py:_save_file():821] saving file wandb-summary.json with policy end
2021-05-21 20:44:00,624 INFO    Thread-8  :13453 [dir_watcher.py:_on_file_modified():229] file/dir modified: /home/usuariohi/Documentos/Repos/MixedMaskRCNN/wandb/run-20210521_194543-3l8lwafm/files/wandb-summary.json
2021-05-21 20:44:12,677 DEBUG   HandlerThread:13453 [handler.py:handle_request():121] handle_request: stop_status
2021-05-21 20:44:12,678 DEBUG   SenderThread:13453 [sender.py:send_request():186] send_request: stop_status
2021-05-21 20:44:28,181 DEBUG   HandlerThread:13453 [handler.py:handle_request():121] handle_request: stop_status
2021-05-21 20:44:28,181 DEBUG   SenderThread:13453 [sender.py:send_request():186] send_request: stop_status
2021-05-21 20:44:30,211 DEBUG   SenderThread:13453 [sender.py:send():176] send: stats
2021-05-21 20:44:43,429 DEBUG   HandlerThread:13453 [handler.py:handle_request():121] handle_request: stop_status
2021-05-21 20:44:43,429 DEBUG   SenderThread:13453 [sender.py:send_request():186] send_request: stop_status
2021-05-21 20:44:58,683 DEBUG   HandlerThread:13453 [handler.py:handle_request():121] handle_request: stop_status
2021-05-21 20:44:58,683 DEBUG   SenderThread:13453 [sender.py:send_request():186] send_request: stop_status
2021-05-21 20:45:00,627 DEBUG   SenderThread:13453 [sender.py:send():176] send: stats
2021-05-21 20:45:13,935 DEBUG   HandlerThread:13453 [handler.py:handle_request():121] handle_request: stop_status
2021-05-21 20:45:13,935 DEBUG   SenderThread:13453 [sender.py:send_request():186] send_request: stop_status
2021-05-21 20:45:29,192 DEBUG   HandlerThread:13453 [handler.py:handle_request():121] handle_request: stop_status
2021-05-21 20:45:29,193 DEBUG   SenderThread:13453 [sender.py:send_request():186] send_request: stop_status
2021-05-21 20:45:31,048 DEBUG   SenderThread:13453 [sender.py:send():176] send: stats
2021-05-21 20:45:44,441 DEBUG   HandlerThread:13453 [handler.py:handle_request():121] handle_request: stop_status
2021-05-21 20:45:44,442 DEBUG   SenderThread:13453 [sender.py:send_request():186] send_request: stop_status
2021-05-21 20:45:59,693 DEBUG   HandlerThread:13453 [handler.py:handle_request():121] handle_request: stop_status
2021-05-21 20:45:59,693 DEBUG   SenderThread:13453 [sender.py:send_request():186] send_request: stop_status
2021-05-21 20:46:01,448 DEBUG   SenderThread:13453 [sender.py:send():176] send: stats
2021-05-21 20:46:14,954 DEBUG   HandlerThread:13453 [handler.py:handle_request():121] handle_request: stop_status
2021-05-21 20:46:14,954 DEBUG   SenderThread:13453 [sender.py:send_request():186] send_request: stop_status
2021-05-21 20:46:30,219 DEBUG   HandlerThread:13453 [handler.py:handle_request():121] handle_request: stop_status
2021-05-21 20:46:30,219 DEBUG   SenderThread:13453 [sender.py:send_request():186] send_request: stop_status
2021-05-21 20:46:31,865 DEBUG   SenderThread:13453 [sender.py:send():176] send: stats
2021-05-21 20:46:45,473 DEBUG   HandlerThread:13453 [handler.py:handle_request():121] handle_request: stop_status
2021-05-21 20:46:45,474 DEBUG   SenderThread:13453 [sender.py:send_request():186] send_request: stop_status
2021-05-21 20:47:00,758 DEBUG   HandlerThread:13453 [handler.py:handle_request():121] handle_request: stop_status
2021-05-21 20:47:00,759 DEBUG   SenderThread:13453 [sender.py:send_request():186] send_request: stop_status
2021-05-21 20:47:02,236 DEBUG   SenderThread:13453 [sender.py:send():176] send: stats
2021-05-21 20:47:16,006 DEBUG   HandlerThread:13453 [handler.py:handle_request():121] handle_request: stop_status
2021-05-21 20:47:16,006 DEBUG   SenderThread:13453 [sender.py:send_request():186] send_request: stop_status
2021-05-21 20:47:31,266 DEBUG   HandlerThread:13453 [handler.py:handle_request():121] handle_request: stop_status
2021-05-21 20:47:31,266 DEBUG   SenderThread:13453 [sender.py:send_request():186] send_request: stop_status
2021-05-21 20:47:32,614 DEBUG   SenderThread:13453 [sender.py:send():176] send: stats
2021-05-21 20:47:46,532 DEBUG   HandlerThread:13453 [handler.py:handle_request():121] handle_request: stop_status
2021-05-21 20:47:46,533 DEBUG   SenderThread:13453 [sender.py:send_request():186] send_request: stop_status
2021-05-21 20:48:01,787 DEBUG   HandlerThread:13453 [handler.py:handle_request():121] handle_request: stop_status
2021-05-21 20:48:01,787 DEBUG   SenderThread:13453 [sender.py:send_request():186] send_request: stop_status
2021-05-21 20:48:03,005 DEBUG   SenderThread:13453 [sender.py:send():176] send: stats
2021-05-21 20:48:17,034 DEBUG   HandlerThread:13453 [handler.py:handle_request():121] handle_request: stop_status
2021-05-21 20:48:17,035 DEBUG   SenderThread:13453 [sender.py:send_request():186] send_request: stop_status
2021-05-21 20:48:32,283 DEBUG   HandlerThread:13453 [handler.py:handle_request():121] handle_request: stop_status
2021-05-21 20:48:32,284 DEBUG   SenderThread:13453 [sender.py:send_request():186] send_request: stop_status
2021-05-21 20:48:33,358 DEBUG   SenderThread:13453 [sender.py:send():176] send: stats
2021-05-21 20:48:47,542 DEBUG   HandlerThread:13453 [handler.py:handle_request():121] handle_request: stop_status
2021-05-21 20:48:47,542 DEBUG   SenderThread:13453 [sender.py:send_request():186] send_request: stop_status
2021-05-21 20:49:02,788 DEBUG   HandlerThread:13453 [handler.py:handle_request():121] handle_request: stop_status
2021-05-21 20:49:02,788 DEBUG   SenderThread:13453 [sender.py:send_request():186] send_request: stop_status
2021-05-21 20:49:03,692 DEBUG   SenderThread:13453 [sender.py:send():176] send: stats
2021-05-21 20:49:18,037 DEBUG   HandlerThread:13453 [handler.py:handle_request():121] handle_request: stop_status
2021-05-21 20:49:18,038 DEBUG   SenderThread:13453 [sender.py:send_request():186] send_request: stop_status
2021-05-21 20:49:33,289 DEBUG   HandlerThread:13453 [handler.py:handle_request():121] handle_request: stop_status
2021-05-21 20:49:33,290 DEBUG   SenderThread:13453 [sender.py:send_request():186] send_request: stop_status
2021-05-21 20:49:34,017 DEBUG   SenderThread:13453 [sender.py:send():176] send: stats
2021-05-21 20:49:48,535 DEBUG   HandlerThread:13453 [handler.py:handle_request():121] handle_request: stop_status
2021-05-21 20:49:48,535 DEBUG   SenderThread:13453 [sender.py:send_request():186] send_request: stop_status
2021-05-21 20:50:03,781 DEBUG   HandlerThread:13453 [handler.py:handle_request():121] handle_request: stop_status
2021-05-21 20:50:03,782 DEBUG   SenderThread:13453 [sender.py:send_request():186] send_request: stop_status
2021-05-21 20:50:04,364 DEBUG   SenderThread:13453 [sender.py:send():176] send: stats
2021-05-21 20:50:19,212 DEBUG   HandlerThread:13453 [handler.py:handle_request():121] handle_request: stop_status
2021-05-21 20:50:19,212 DEBUG   SenderThread:13453 [sender.py:send_request():186] send_request: stop_status
2021-05-21 20:50:34,466 DEBUG   HandlerThread:13453 [handler.py:handle_request():121] handle_request: stop_status
2021-05-21 20:50:34,466 DEBUG   SenderThread:13453 [sender.py:send_request():186] send_request: stop_status
2021-05-21 20:50:34,716 DEBUG   SenderThread:13453 [sender.py:send():176] send: stats
2021-05-21 20:50:49,718 DEBUG   HandlerThread:13453 [handler.py:handle_request():121] handle_request: stop_status
2021-05-21 20:50:49,718 DEBUG   SenderThread:13453 [sender.py:send_request():186] send_request: stop_status
2021-05-21 20:51:05,022 DEBUG   SenderThread:13453 [sender.py:send():176] send: stats
2021-05-21 20:51:05,041 DEBUG   HandlerThread:13453 [handler.py:handle_request():121] handle_request: stop_status
2021-05-21 20:51:05,041 DEBUG   SenderThread:13453 [sender.py:send_request():186] send_request: stop_status
2021-05-21 20:51:20,323 DEBUG   HandlerThread:13453 [handler.py:handle_request():121] handle_request: stop_status
2021-05-21 20:51:20,324 DEBUG   SenderThread:13453 [sender.py:send_request():186] send_request: stop_status
2021-05-21 20:51:35,331 DEBUG   SenderThread:13453 [sender.py:send():176] send: stats
2021-05-21 20:51:35,573 DEBUG   HandlerThread:13453 [handler.py:handle_request():121] handle_request: stop_status
2021-05-21 20:51:35,573 DEBUG   SenderThread:13453 [sender.py:send_request():186] send_request: stop_status
2021-05-21 20:51:50,822 DEBUG   HandlerThread:13453 [handler.py:handle_request():121] handle_request: stop_status
2021-05-21 20:51:50,822 DEBUG   SenderThread:13453 [sender.py:send_request():186] send_request: stop_status
2021-05-21 20:52:05,660 DEBUG   SenderThread:13453 [sender.py:send():176] send: stats
2021-05-21 20:52:06,255 DEBUG   HandlerThread:13453 [handler.py:handle_request():121] handle_request: stop_status
2021-05-21 20:52:06,255 DEBUG   SenderThread:13453 [sender.py:send_request():186] send_request: stop_status
2021-05-21 20:52:21,504 DEBUG   HandlerThread:13453 [handler.py:handle_request():121] handle_request: stop_status
2021-05-21 20:52:21,504 DEBUG   SenderThread:13453 [sender.py:send_request():186] send_request: stop_status
2021-05-21 20:52:35,979 DEBUG   SenderThread:13453 [sender.py:send():176] send: stats
2021-05-21 20:52:36,752 DEBUG   HandlerThread:13453 [handler.py:handle_request():121] handle_request: stop_status
2021-05-21 20:52:36,753 DEBUG   SenderThread:13453 [sender.py:send_request():186] send_request: stop_status
2021-05-21 20:52:52,011 DEBUG   HandlerThread:13453 [handler.py:handle_request():121] handle_request: stop_status
2021-05-21 20:52:52,012 DEBUG   SenderThread:13453 [sender.py:send_request():186] send_request: stop_status
2021-05-21 20:53:06,302 DEBUG   SenderThread:13453 [sender.py:send():176] send: stats
2021-05-21 20:53:07,263 DEBUG   HandlerThread:13453 [handler.py:handle_request():121] handle_request: stop_status
2021-05-21 20:53:07,263 DEBUG   SenderThread:13453 [sender.py:send_request():186] send_request: stop_status
2021-05-21 20:53:22,516 DEBUG   HandlerThread:13453 [handler.py:handle_request():121] handle_request: stop_status
2021-05-21 20:53:22,517 DEBUG   SenderThread:13453 [sender.py:send_request():186] send_request: stop_status
2021-05-21 20:53:36,624 DEBUG   SenderThread:13453 [sender.py:send():176] send: stats
2021-05-21 20:53:37,768 DEBUG   HandlerThread:13453 [handler.py:handle_request():121] handle_request: stop_status
2021-05-21 20:53:37,769 DEBUG   SenderThread:13453 [sender.py:send_request():186] send_request: stop_status
2021-05-21 20:53:53,018 DEBUG   HandlerThread:13453 [handler.py:handle_request():121] handle_request: stop_status
2021-05-21 20:53:53,019 DEBUG   SenderThread:13453 [sender.py:send_request():186] send_request: stop_status
2021-05-21 20:54:06,962 DEBUG   SenderThread:13453 [sender.py:send():176] send: stats
2021-05-21 20:54:08,268 DEBUG   HandlerThread:13453 [handler.py:handle_request():121] handle_request: stop_status
2021-05-21 20:54:08,269 DEBUG   SenderThread:13453 [sender.py:send_request():186] send_request: stop_status
2021-05-21 20:54:23,516 DEBUG   HandlerThread:13453 [handler.py:handle_request():121] handle_request: stop_status
2021-05-21 20:54:23,517 DEBUG   SenderThread:13453 [sender.py:send_request():186] send_request: stop_status
2021-05-21 20:54:37,281 DEBUG   SenderThread:13453 [sender.py:send():176] send: stats
2021-05-21 20:54:38,765 DEBUG   HandlerThread:13453 [handler.py:handle_request():121] handle_request: stop_status
2021-05-21 20:54:38,765 DEBUG   SenderThread:13453 [sender.py:send_request():186] send_request: stop_status
2021-05-21 20:54:54,015 DEBUG   HandlerThread:13453 [handler.py:handle_request():121] handle_request: stop_status
2021-05-21 20:54:54,016 DEBUG   SenderThread:13453 [sender.py:send_request():186] send_request: stop_status
2021-05-21 20:55:07,620 DEBUG   SenderThread:13453 [sender.py:send():176] send: stats
2021-05-21 20:55:09,283 DEBUG   HandlerThread:13453 [handler.py:handle_request():121] handle_request: stop_status
2021-05-21 20:55:09,284 DEBUG   SenderThread:13453 [sender.py:send_request():186] send_request: stop_status
2021-05-21 20:55:24,694 DEBUG   HandlerThread:13453 [handler.py:handle_request():121] handle_request: stop_status
2021-05-21 20:55:24,694 DEBUG   SenderThread:13453 [sender.py:send_request():186] send_request: stop_status
2021-05-21 20:55:37,961 DEBUG   SenderThread:13453 [sender.py:send():176] send: stats
2021-05-21 20:55:39,957 DEBUG   HandlerThread:13453 [handler.py:handle_request():121] handle_request: stop_status
2021-05-21 20:55:39,957 DEBUG   SenderThread:13453 [sender.py:send_request():186] send_request: stop_status
2021-05-21 20:55:55,215 DEBUG   HandlerThread:13453 [handler.py:handle_request():121] handle_request: stop_status
2021-05-21 20:55:55,215 DEBUG   SenderThread:13453 [sender.py:send_request():186] send_request: stop_status
2021-05-21 20:56:08,293 DEBUG   SenderThread:13453 [sender.py:send():176] send: stats
2021-05-21 20:56:10,481 DEBUG   HandlerThread:13453 [handler.py:handle_request():121] handle_request: stop_status
2021-05-21 20:56:10,481 DEBUG   SenderThread:13453 [sender.py:send_request():186] send_request: stop_status
2021-05-21 20:56:25,738 DEBUG   HandlerThread:13453 [handler.py:handle_request():121] handle_request: stop_status
2021-05-21 20:56:25,739 DEBUG   SenderThread:13453 [sender.py:send_request():186] send_request: stop_status
2021-05-21 20:56:38,647 DEBUG   SenderThread:13453 [sender.py:send():176] send: stats
2021-05-21 20:56:40,992 DEBUG   HandlerThread:13453 [handler.py:handle_request():121] handle_request: stop_status
2021-05-21 20:56:40,992 DEBUG   SenderThread:13453 [sender.py:send_request():186] send_request: stop_status
2021-05-21 20:56:56,245 DEBUG   HandlerThread:13453 [handler.py:handle_request():121] handle_request: stop_status
2021-05-21 20:56:56,246 DEBUG   SenderThread:13453 [sender.py:send_request():186] send_request: stop_status
2021-05-21 21:05:55,694 DEBUG   HandlerThread:13453 [handler.py:handle_request():121] handle_request: stop_status
2021-05-21 21:06:56,937 DEBUG   SenderThread:13453 [sender.py:send_request():186] send_request: stop_status
2021-05-21 21:09:01,518 DEBUG   SenderThread:13453 [sender.py:send():176] send: stats
2021-05-21 21:09:11,586 DEBUG   HandlerThread:13453 [handler.py:handle_request():121] handle_request: stop_status
2021-05-21 21:09:11,586 DEBUG   SenderThread:13453 [sender.py:send_request():186] send_request: stop_status
2021-05-21 21:09:35,558 DEBUG   HandlerThread:13453 [handler.py:handle_request():121] handle_request: stop_status
2021-05-21 21:09:36,287 DEBUG   SenderThread:13453 [sender.py:send_request():186] send_request: stop_status
2021-05-21 21:09:42,268 DEBUG   SenderThread:13453 [sender.py:send():176] send: stats
2021-05-21 21:10:06,888 DEBUG   HandlerThread:13453 [handler.py:handle_request():121] handle_request: stop_status
2021-05-21 21:10:07,302 DEBUG   SenderThread:13453 [sender.py:send_request():186] send_request: stop_status
2021-05-21 21:10:24,070 DEBUG   SenderThread:13453 [sender.py:send():176] send: stats
2021-05-21 21:10:39,072 DEBUG   HandlerThread:13453 [handler.py:handle_request():121] handle_request: stop_status
2021-05-21 21:10:39,072 DEBUG   SenderThread:13453 [sender.py:send_request():186] send_request: stop_status
2021-05-21 21:10:53,286 DEBUG   SenderThread:13453 [sender.py:send():176] send: stats
2021-05-21 21:10:57,718 DEBUG   HandlerThread:13453 [handler.py:handle_request():121] handle_request: stop_status
2021-05-21 21:10:57,815 DEBUG   SenderThread:13453 [sender.py:send_request():186] send_request: stop_status
2021-05-21 21:11:14,977 DEBUG   HandlerThread:13453 [handler.py:handle_request():121] handle_request: stop_status
2021-05-21 21:11:14,978 DEBUG   SenderThread:13453 [sender.py:send_request():186] send_request: stop_status
2021-05-21 21:12:31,383 ERROR   SenderThread:13453 [retry.py:__call__():126] Retry attempt failed:
Traceback (most recent call last):
  File "/home/usuariohi/anaconda3/envs/pytorch-opacidad/lib/python3.6/site-packages/urllib3/connectionpool.py", line 706, in urlopen
    chunked=chunked,
  File "/home/usuariohi/anaconda3/envs/pytorch-opacidad/lib/python3.6/site-packages/urllib3/connectionpool.py", line 382, in _make_request
    self._validate_conn(conn)
  File "/home/usuariohi/anaconda3/envs/pytorch-opacidad/lib/python3.6/site-packages/urllib3/connectionpool.py", line 1010, in _validate_conn
    conn.connect()
  File "/home/usuariohi/anaconda3/envs/pytorch-opacidad/lib/python3.6/site-packages/urllib3/connection.py", line 421, in connect
    tls_in_tls=tls_in_tls,
  File "/home/usuariohi/anaconda3/envs/pytorch-opacidad/lib/python3.6/site-packages/urllib3/util/ssl_.py", line 429, in ssl_wrap_socket
    sock, context, tls_in_tls, server_hostname=server_hostname
  File "/home/usuariohi/anaconda3/envs/pytorch-opacidad/lib/python3.6/site-packages/urllib3/util/ssl_.py", line 472, in _ssl_wrap_socket_impl
    return ssl_context.wrap_socket(sock, server_hostname=server_hostname)
  File "/home/usuariohi/anaconda3/envs/pytorch-opacidad/lib/python3.6/ssl.py", line 407, in wrap_socket
    _context=self, _session=session)
  File "/home/usuariohi/anaconda3/envs/pytorch-opacidad/lib/python3.6/ssl.py", line 817, in __init__
    self.do_handshake()
  File "/home/usuariohi/anaconda3/envs/pytorch-opacidad/lib/python3.6/ssl.py", line 1077, in do_handshake
    self._sslobj.do_handshake()
  File "/home/usuariohi/anaconda3/envs/pytorch-opacidad/lib/python3.6/ssl.py", line 689, in do_handshake
    self._sslobj.do_handshake()
OSError: [Errno 0] Error

During handling of the above exception, another exception occurred:

Traceback (most recent call last):
  File "/home/usuariohi/anaconda3/envs/pytorch-opacidad/lib/python3.6/site-packages/requests/adapters.py", line 449, in send
    timeout=timeout
  File "/home/usuariohi/anaconda3/envs/pytorch-opacidad/lib/python3.6/site-packages/urllib3/connectionpool.py", line 756, in urlopen
    method, url, error=e, _pool=self, _stacktrace=sys.exc_info()[2]
  File "/home/usuariohi/anaconda3/envs/pytorch-opacidad/lib/python3.6/site-packages/urllib3/util/retry.py", line 532, in increment
    raise six.reraise(type(error), error, _stacktrace)
  File "/home/usuariohi/anaconda3/envs/pytorch-opacidad/lib/python3.6/site-packages/urllib3/packages/six.py", line 734, in reraise
    raise value.with_traceback(tb)
  File "/home/usuariohi/anaconda3/envs/pytorch-opacidad/lib/python3.6/site-packages/urllib3/connectionpool.py", line 706, in urlopen
    chunked=chunked,
  File "/home/usuariohi/anaconda3/envs/pytorch-opacidad/lib/python3.6/site-packages/urllib3/connectionpool.py", line 382, in _make_request
    self._validate_conn(conn)
  File "/home/usuariohi/anaconda3/envs/pytorch-opacidad/lib/python3.6/site-packages/urllib3/connectionpool.py", line 1010, in _validate_conn
    conn.connect()
  File "/home/usuariohi/anaconda3/envs/pytorch-opacidad/lib/python3.6/site-packages/urllib3/connection.py", line 421, in connect
    tls_in_tls=tls_in_tls,
  File "/home/usuariohi/anaconda3/envs/pytorch-opacidad/lib/python3.6/site-packages/urllib3/util/ssl_.py", line 429, in ssl_wrap_socket
    sock, context, tls_in_tls, server_hostname=server_hostname
  File "/home/usuariohi/anaconda3/envs/pytorch-opacidad/lib/python3.6/site-packages/urllib3/util/ssl_.py", line 472, in _ssl_wrap_socket_impl
    return ssl_context.wrap_socket(sock, server_hostname=server_hostname)
  File "/home/usuariohi/anaconda3/envs/pytorch-opacidad/lib/python3.6/ssl.py", line 407, in wrap_socket
    _context=self, _session=session)
  File "/home/usuariohi/anaconda3/envs/pytorch-opacidad/lib/python3.6/ssl.py", line 817, in __init__
    self.do_handshake()
  File "/home/usuariohi/anaconda3/envs/pytorch-opacidad/lib/python3.6/ssl.py", line 1077, in do_handshake
    self._sslobj.do_handshake()
  File "/home/usuariohi/anaconda3/envs/pytorch-opacidad/lib/python3.6/ssl.py", line 689, in do_handshake
    self._sslobj.do_handshake()
urllib3.exceptions.ProtocolError: ('Connection aborted.', OSError(0, 'Error'))

During handling of the above exception, another exception occurred:

Traceback (most recent call last):
  File "/home/usuariohi/anaconda3/envs/pytorch-opacidad/lib/python3.6/site-packages/wandb/sdk/lib/retry.py", line 102, in __call__
    result = self._call_fn(*args, **kwargs)
  File "/home/usuariohi/anaconda3/envs/pytorch-opacidad/lib/python3.6/site-packages/wandb/sdk/internal/internal_api.py", line 127, in execute
    return self.client.execute(*args, **kwargs)
  File "/home/usuariohi/anaconda3/envs/pytorch-opacidad/lib/python3.6/site-packages/wandb/vendor/gql-0.2.0/gql/client.py", line 52, in execute
    result = self._get_result(document, *args, **kwargs)
  File "/home/usuariohi/anaconda3/envs/pytorch-opacidad/lib/python3.6/site-packages/wandb/vendor/gql-0.2.0/gql/client.py", line 60, in _get_result
    return self.transport.execute(document, *args, **kwargs)
  File "/home/usuariohi/anaconda3/envs/pytorch-opacidad/lib/python3.6/site-packages/wandb/vendor/gql-0.2.0/gql/transport/requests.py", line 38, in execute
    request = requests.post(self.url, **post_args)
  File "/home/usuariohi/anaconda3/envs/pytorch-opacidad/lib/python3.6/site-packages/requests/api.py", line 119, in post
    return request('post', url, data=data, json=json, **kwargs)
  File "/home/usuariohi/anaconda3/envs/pytorch-opacidad/lib/python3.6/site-packages/requests/api.py", line 61, in request
    return session.request(method=method, url=url, **kwargs)
  File "/home/usuariohi/anaconda3/envs/pytorch-opacidad/lib/python3.6/site-packages/requests/sessions.py", line 542, in request
    resp = self.send(prep, **send_kwargs)
  File "/home/usuariohi/anaconda3/envs/pytorch-opacidad/lib/python3.6/site-packages/requests/sessions.py", line 655, in send
    r = adapter.send(request, **kwargs)
  File "/home/usuariohi/anaconda3/envs/pytorch-opacidad/lib/python3.6/site-packages/requests/adapters.py", line 498, in send
    raise ConnectionError(err, request=request)
requests.exceptions.ConnectionError: ('Connection aborted.', OSError(0, 'Error'))
2021-05-21 21:13:21,013 DEBUG   SenderThread:13453 [sender.py:send():176] send: stats
2021-05-21 21:13:21,014 DEBUG   SenderThread:13453 [sender.py:send():176] send: stats
2021-05-21 21:13:36,529 DEBUG   HandlerThread:13453 [handler.py:handle_request():121] handle_request: stop_status
2021-05-21 21:13:36,654 DEBUG   SenderThread:13453 [sender.py:send_request():186] send_request: stop_status
2021-05-21 21:13:40,109 DEBUG   SenderThread:13453 [sender.py:send():176] send: stats
2021-05-21 21:13:55,112 DEBUG   HandlerThread:13453 [handler.py:handle_request():121] handle_request: stop_status
2021-05-21 21:13:55,328 DEBUG   SenderThread:13453 [sender.py:send_request():186] send_request: stop_status
2021-05-21 21:14:08,549 DEBUG   SenderThread:13453 [sender.py:send():176] send: stats
2021-05-21 21:14:11,404 DEBUG   HandlerThread:13453 [handler.py:handle_request():121] handle_request: stop_status
2021-05-21 21:14:11,405 DEBUG   SenderThread:13453 [sender.py:send_request():186] send_request: stop_status
2021-05-21 21:14:28,475 DEBUG   HandlerThread:13453 [handler.py:handle_request():121] handle_request: stop_status
2021-05-21 21:14:28,762 DEBUG   SenderThread:13453 [sender.py:send_request():186] send_request: stop_status
2021-05-21 21:16:31,540 ERROR   SenderThread:13453 [retry.py:__call__():126] Retry attempt failed:
Traceback (most recent call last):
  File "/home/usuariohi/anaconda3/envs/pytorch-opacidad/lib/python3.6/site-packages/urllib3/connectionpool.py", line 706, in urlopen
    chunked=chunked,
  File "/home/usuariohi/anaconda3/envs/pytorch-opacidad/lib/python3.6/site-packages/urllib3/connectionpool.py", line 382, in _make_request
    self._validate_conn(conn)
  File "/home/usuariohi/anaconda3/envs/pytorch-opacidad/lib/python3.6/site-packages/urllib3/connectionpool.py", line 1010, in _validate_conn
    conn.connect()
  File "/home/usuariohi/anaconda3/envs/pytorch-opacidad/lib/python3.6/site-packages/urllib3/connection.py", line 421, in connect
    tls_in_tls=tls_in_tls,
  File "/home/usuariohi/anaconda3/envs/pytorch-opacidad/lib/python3.6/site-packages/urllib3/util/ssl_.py", line 429, in ssl_wrap_socket
    sock, context, tls_in_tls, server_hostname=server_hostname
  File "/home/usuariohi/anaconda3/envs/pytorch-opacidad/lib/python3.6/site-packages/urllib3/util/ssl_.py", line 472, in _ssl_wrap_socket_impl
    return ssl_context.wrap_socket(sock, server_hostname=server_hostname)
  File "/home/usuariohi/anaconda3/envs/pytorch-opacidad/lib/python3.6/ssl.py", line 407, in wrap_socket
    _context=self, _session=session)
  File "/home/usuariohi/anaconda3/envs/pytorch-opacidad/lib/python3.6/ssl.py", line 817, in __init__
    self.do_handshake()
  File "/home/usuariohi/anaconda3/envs/pytorch-opacidad/lib/python3.6/ssl.py", line 1077, in do_handshake
    self._sslobj.do_handshake()
  File "/home/usuariohi/anaconda3/envs/pytorch-opacidad/lib/python3.6/ssl.py", line 689, in do_handshake
    self._sslobj.do_handshake()
OSError: [Errno 0] Error

During handling of the above exception, another exception occurred:

Traceback (most recent call last):
  File "/home/usuariohi/anaconda3/envs/pytorch-opacidad/lib/python3.6/site-packages/requests/adapters.py", line 449, in send
    timeout=timeout
  File "/home/usuariohi/anaconda3/envs/pytorch-opacidad/lib/python3.6/site-packages/urllib3/connectionpool.py", line 756, in urlopen
    method, url, error=e, _pool=self, _stacktrace=sys.exc_info()[2]
  File "/home/usuariohi/anaconda3/envs/pytorch-opacidad/lib/python3.6/site-packages/urllib3/util/retry.py", line 532, in increment
    raise six.reraise(type(error), error, _stacktrace)
  File "/home/usuariohi/anaconda3/envs/pytorch-opacidad/lib/python3.6/site-packages/urllib3/packages/six.py", line 734, in reraise
    raise value.with_traceback(tb)
  File "/home/usuariohi/anaconda3/envs/pytorch-opacidad/lib/python3.6/site-packages/urllib3/connectionpool.py", line 706, in urlopen
    chunked=chunked,
  File "/home/usuariohi/anaconda3/envs/pytorch-opacidad/lib/python3.6/site-packages/urllib3/connectionpool.py", line 382, in _make_request
    self._validate_conn(conn)
  File "/home/usuariohi/anaconda3/envs/pytorch-opacidad/lib/python3.6/site-packages/urllib3/connectionpool.py", line 1010, in _validate_conn
    conn.connect()
  File "/home/usuariohi/anaconda3/envs/pytorch-opacidad/lib/python3.6/site-packages/urllib3/connection.py", line 421, in connect
    tls_in_tls=tls_in_tls,
  File "/home/usuariohi/anaconda3/envs/pytorch-opacidad/lib/python3.6/site-packages/urllib3/util/ssl_.py", line 429, in ssl_wrap_socket
    sock, context, tls_in_tls, server_hostname=server_hostname
  File "/home/usuariohi/anaconda3/envs/pytorch-opacidad/lib/python3.6/site-packages/urllib3/util/ssl_.py", line 472, in _ssl_wrap_socket_impl
    return ssl_context.wrap_socket(sock, server_hostname=server_hostname)
  File "/home/usuariohi/anaconda3/envs/pytorch-opacidad/lib/python3.6/ssl.py", line 407, in wrap_socket
    _context=self, _session=session)
  File "/home/usuariohi/anaconda3/envs/pytorch-opacidad/lib/python3.6/ssl.py", line 817, in __init__
    self.do_handshake()
  File "/home/usuariohi/anaconda3/envs/pytorch-opacidad/lib/python3.6/ssl.py", line 1077, in do_handshake
    self._sslobj.do_handshake()
  File "/home/usuariohi/anaconda3/envs/pytorch-opacidad/lib/python3.6/ssl.py", line 689, in do_handshake
    self._sslobj.do_handshake()
urllib3.exceptions.ProtocolError: ('Connection aborted.', OSError(0, 'Error'))

During handling of the above exception, another exception occurred:

Traceback (most recent call last):
  File "/home/usuariohi/anaconda3/envs/pytorch-opacidad/lib/python3.6/site-packages/wandb/sdk/lib/retry.py", line 102, in __call__
    result = self._call_fn(*args, **kwargs)
  File "/home/usuariohi/anaconda3/envs/pytorch-opacidad/lib/python3.6/site-packages/wandb/sdk/internal/internal_api.py", line 127, in execute
    return self.client.execute(*args, **kwargs)
  File "/home/usuariohi/anaconda3/envs/pytorch-opacidad/lib/python3.6/site-packages/wandb/vendor/gql-0.2.0/gql/client.py", line 52, in execute
    result = self._get_result(document, *args, **kwargs)
  File "/home/usuariohi/anaconda3/envs/pytorch-opacidad/lib/python3.6/site-packages/wandb/vendor/gql-0.2.0/gql/client.py", line 60, in _get_result
    return self.transport.execute(document, *args, **kwargs)
  File "/home/usuariohi/anaconda3/envs/pytorch-opacidad/lib/python3.6/site-packages/wandb/vendor/gql-0.2.0/gql/transport/requests.py", line 38, in execute
    request = requests.post(self.url, **post_args)
  File "/home/usuariohi/anaconda3/envs/pytorch-opacidad/lib/python3.6/site-packages/requests/api.py", line 119, in post
    return request('post', url, data=data, json=json, **kwargs)
  File "/home/usuariohi/anaconda3/envs/pytorch-opacidad/lib/python3.6/site-packages/requests/api.py", line 61, in request
    return session.request(method=method, url=url, **kwargs)
  File "/home/usuariohi/anaconda3/envs/pytorch-opacidad/lib/python3.6/site-packages/requests/sessions.py", line 542, in request
    resp = self.send(prep, **send_kwargs)
  File "/home/usuariohi/anaconda3/envs/pytorch-opacidad/lib/python3.6/site-packages/requests/sessions.py", line 655, in send
    r = adapter.send(request, **kwargs)
  File "/home/usuariohi/anaconda3/envs/pytorch-opacidad/lib/python3.6/site-packages/requests/adapters.py", line 498, in send
    raise ConnectionError(err, request=request)
requests.exceptions.ConnectionError: ('Connection aborted.', OSError(0, 'Error'))
2021-05-21 21:17:44,442 DEBUG   SenderThread:13453 [sender.py:send():176] send: stats
2021-05-21 21:17:44,702 DEBUG   SenderThread:13453 [sender.py:send():176] send: stats
2021-05-21 21:17:44,706 DEBUG   SenderThread:13453 [sender.py:send():176] send: stats
2021-05-21 21:17:59,995 DEBUG   HandlerThread:13453 [handler.py:handle_request():121] handle_request: stop_status
2021-05-21 21:18:00,578 DEBUG   SenderThread:13453 [sender.py:send_request():186] send_request: stop_status
2021-05-21 21:18:12,063 DEBUG   SenderThread:13453 [sender.py:send():176] send: stats
2021-05-21 21:18:16,651 DEBUG   HandlerThread:13453 [handler.py:handle_request():121] handle_request: stop_status
2021-05-21 21:18:16,652 DEBUG   SenderThread:13453 [sender.py:send_request():186] send_request: stop_status
2021-05-21 21:18:34,373 DEBUG   HandlerThread:13453 [handler.py:handle_request():121] handle_request: stop_status
2021-05-21 21:18:34,374 DEBUG   SenderThread:13453 [sender.py:send_request():186] send_request: stop_status
2021-05-21 21:18:45,721 DEBUG   SenderThread:13453 [sender.py:send():176] send: stats
2021-05-21 21:18:51,559 DEBUG   HandlerThread:13453 [handler.py:handle_request():121] handle_request: stop_status
2021-05-21 21:18:51,838 DEBUG   SenderThread:13453 [sender.py:send_request():186] send_request: stop_status
2021-05-21 21:19:07,510 DEBUG   HandlerThread:13453 [handler.py:handle_request():121] handle_request: stop_status
2021-05-21 21:19:07,511 DEBUG   SenderThread:13453 [sender.py:send_request():186] send_request: stop_status
2021-05-21 21:20:32,144 ERROR   SenderThread:13453 [retry.py:__call__():126] Retry attempt failed:
Traceback (most recent call last):
  File "/home/usuariohi/anaconda3/envs/pytorch-opacidad/lib/python3.6/site-packages/urllib3/connectionpool.py", line 706, in urlopen
    chunked=chunked,
  File "/home/usuariohi/anaconda3/envs/pytorch-opacidad/lib/python3.6/site-packages/urllib3/connectionpool.py", line 382, in _make_request
    self._validate_conn(conn)
  File "/home/usuariohi/anaconda3/envs/pytorch-opacidad/lib/python3.6/site-packages/urllib3/connectionpool.py", line 1010, in _validate_conn
    conn.connect()
  File "/home/usuariohi/anaconda3/envs/pytorch-opacidad/lib/python3.6/site-packages/urllib3/connection.py", line 421, in connect
    tls_in_tls=tls_in_tls,
  File "/home/usuariohi/anaconda3/envs/pytorch-opacidad/lib/python3.6/site-packages/urllib3/util/ssl_.py", line 429, in ssl_wrap_socket
    sock, context, tls_in_tls, server_hostname=server_hostname
  File "/home/usuariohi/anaconda3/envs/pytorch-opacidad/lib/python3.6/site-packages/urllib3/util/ssl_.py", line 472, in _ssl_wrap_socket_impl
    return ssl_context.wrap_socket(sock, server_hostname=server_hostname)
  File "/home/usuariohi/anaconda3/envs/pytorch-opacidad/lib/python3.6/ssl.py", line 407, in wrap_socket
    _context=self, _session=session)
  File "/home/usuariohi/anaconda3/envs/pytorch-opacidad/lib/python3.6/ssl.py", line 817, in __init__
    self.do_handshake()
  File "/home/usuariohi/anaconda3/envs/pytorch-opacidad/lib/python3.6/ssl.py", line 1077, in do_handshake
    self._sslobj.do_handshake()
  File "/home/usuariohi/anaconda3/envs/pytorch-opacidad/lib/python3.6/ssl.py", line 689, in do_handshake
    self._sslobj.do_handshake()
OSError: [Errno 0] Error

During handling of the above exception, another exception occurred:

Traceback (most recent call last):
  File "/home/usuariohi/anaconda3/envs/pytorch-opacidad/lib/python3.6/site-packages/requests/adapters.py", line 449, in send
    timeout=timeout
  File "/home/usuariohi/anaconda3/envs/pytorch-opacidad/lib/python3.6/site-packages/urllib3/connectionpool.py", line 756, in urlopen
    method, url, error=e, _pool=self, _stacktrace=sys.exc_info()[2]
  File "/home/usuariohi/anaconda3/envs/pytorch-opacidad/lib/python3.6/site-packages/urllib3/util/retry.py", line 532, in increment
    raise six.reraise(type(error), error, _stacktrace)
  File "/home/usuariohi/anaconda3/envs/pytorch-opacidad/lib/python3.6/site-packages/urllib3/packages/six.py", line 734, in reraise
    raise value.with_traceback(tb)
  File "/home/usuariohi/anaconda3/envs/pytorch-opacidad/lib/python3.6/site-packages/urllib3/connectionpool.py", line 706, in urlopen
    chunked=chunked,
  File "/home/usuariohi/anaconda3/envs/pytorch-opacidad/lib/python3.6/site-packages/urllib3/connectionpool.py", line 382, in _make_request
    self._validate_conn(conn)
  File "/home/usuariohi/anaconda3/envs/pytorch-opacidad/lib/python3.6/site-packages/urllib3/connectionpool.py", line 1010, in _validate_conn
    conn.connect()
  File "/home/usuariohi/anaconda3/envs/pytorch-opacidad/lib/python3.6/site-packages/urllib3/connection.py", line 421, in connect
    tls_in_tls=tls_in_tls,
  File "/home/usuariohi/anaconda3/envs/pytorch-opacidad/lib/python3.6/site-packages/urllib3/util/ssl_.py", line 429, in ssl_wrap_socket
    sock, context, tls_in_tls, server_hostname=server_hostname
  File "/home/usuariohi/anaconda3/envs/pytorch-opacidad/lib/python3.6/site-packages/urllib3/util/ssl_.py", line 472, in _ssl_wrap_socket_impl
    return ssl_context.wrap_socket(sock, server_hostname=server_hostname)
  File "/home/usuariohi/anaconda3/envs/pytorch-opacidad/lib/python3.6/ssl.py", line 407, in wrap_socket
    _context=self, _session=session)
  File "/home/usuariohi/anaconda3/envs/pytorch-opacidad/lib/python3.6/ssl.py", line 817, in __init__
    self.do_handshake()
  File "/home/usuariohi/anaconda3/envs/pytorch-opacidad/lib/python3.6/ssl.py", line 1077, in do_handshake
    self._sslobj.do_handshake()
  File "/home/usuariohi/anaconda3/envs/pytorch-opacidad/lib/python3.6/ssl.py", line 689, in do_handshake
    self._sslobj.do_handshake()
urllib3.exceptions.ProtocolError: ('Connection aborted.', OSError(0, 'Error'))

During handling of the above exception, another exception occurred:

Traceback (most recent call last):
  File "/home/usuariohi/anaconda3/envs/pytorch-opacidad/lib/python3.6/site-packages/wandb/sdk/lib/retry.py", line 102, in __call__
    result = self._call_fn(*args, **kwargs)
  File "/home/usuariohi/anaconda3/envs/pytorch-opacidad/lib/python3.6/site-packages/wandb/sdk/internal/internal_api.py", line 127, in execute
    return self.client.execute(*args, **kwargs)
  File "/home/usuariohi/anaconda3/envs/pytorch-opacidad/lib/python3.6/site-packages/wandb/vendor/gql-0.2.0/gql/client.py", line 52, in execute
    result = self._get_result(document, *args, **kwargs)
  File "/home/usuariohi/anaconda3/envs/pytorch-opacidad/lib/python3.6/site-packages/wandb/vendor/gql-0.2.0/gql/client.py", line 60, in _get_result
    return self.transport.execute(document, *args, **kwargs)
  File "/home/usuariohi/anaconda3/envs/pytorch-opacidad/lib/python3.6/site-packages/wandb/vendor/gql-0.2.0/gql/transport/requests.py", line 38, in execute
    request = requests.post(self.url, **post_args)
  File "/home/usuariohi/anaconda3/envs/pytorch-opacidad/lib/python3.6/site-packages/requests/api.py", line 119, in post
    return request('post', url, data=data, json=json, **kwargs)
  File "/home/usuariohi/anaconda3/envs/pytorch-opacidad/lib/python3.6/site-packages/requests/api.py", line 61, in request
    return session.request(method=method, url=url, **kwargs)
  File "/home/usuariohi/anaconda3/envs/pytorch-opacidad/lib/python3.6/site-packages/requests/sessions.py", line 542, in request
    resp = self.send(prep, **send_kwargs)
  File "/home/usuariohi/anaconda3/envs/pytorch-opacidad/lib/python3.6/site-packages/requests/sessions.py", line 655, in send
    r = adapter.send(request, **kwargs)
  File "/home/usuariohi/anaconda3/envs/pytorch-opacidad/lib/python3.6/site-packages/requests/adapters.py", line 498, in send
    raise ConnectionError(err, request=request)
requests.exceptions.ConnectionError: ('Connection aborted.', OSError(0, 'Error'))
2021-05-21 21:22:07,940 DEBUG   SenderThread:13453 [sender.py:send():176] send: stats
2021-05-21 21:22:07,967 DEBUG   SenderThread:13453 [sender.py:send():176] send: stats
2021-05-21 21:22:07,968 DEBUG   SenderThread:13453 [sender.py:send():176] send: stats
2021-05-21 21:22:22,987 DEBUG   HandlerThread:13453 [handler.py:handle_request():121] handle_request: stop_status
2021-05-21 21:22:22,988 DEBUG   SenderThread:13453 [sender.py:send_request():186] send_request: stop_status
2021-05-21 21:22:37,082 DEBUG   SenderThread:13453 [sender.py:send():176] send: stats
2021-05-21 21:22:39,705 DEBUG   HandlerThread:13453 [handler.py:handle_request():121] handle_request: stop_status
2021-05-21 21:22:39,706 DEBUG   SenderThread:13453 [sender.py:send_request():186] send_request: stop_status
2021-05-21 21:22:55,929 DEBUG   HandlerThread:13453 [handler.py:handle_request():121] handle_request: stop_status
2021-05-21 21:22:56,078 DEBUG   SenderThread:13453 [sender.py:send_request():186] send_request: stop_status
2021-05-21 21:23:09,607 DEBUG   SenderThread:13453 [sender.py:send():176] send: stats
2021-05-21 21:23:12,806 DEBUG   HandlerThread:13453 [handler.py:handle_request():121] handle_request: stop_status
2021-05-21 21:23:12,807 DEBUG   SenderThread:13453 [sender.py:send_request():186] send_request: stop_status
2021-05-21 21:23:31,957 DEBUG   HandlerThread:13453 [handler.py:handle_request():121] handle_request: stop_status
2021-05-21 21:23:34,090 DEBUG   SenderThread:13453 [sender.py:send_request():186] send_request: stop_status
2021-05-21 21:24:37,349 DEBUG   SenderThread:13453 [sender.py:send():176] send: stats
2021-05-21 21:25:02,877 DEBUG   HandlerThread:13453 [handler.py:handle_request():121] handle_request: stop_status
2021-05-21 21:25:02,992 DEBUG   SenderThread:13453 [sender.py:send_request():186] send_request: stop_status
2021-05-21 21:25:19,501 DEBUG   HandlerThread:13453 [handler.py:handle_request():121] handle_request: stop_status
2021-05-21 21:25:19,753 DEBUG   SenderThread:13453 [sender.py:send_request():186] send_request: stop_status
2021-05-21 21:25:20,728 DEBUG   SenderThread:13453 [sender.py:send():176] send: stats
2021-05-21 21:25:35,730 DEBUG   HandlerThread:13453 [handler.py:handle_request():121] handle_request: stop_status
2021-05-21 21:25:36,319 DEBUG   SenderThread:13453 [sender.py:send_request():186] send_request: stop_status
2021-05-21 21:25:52,068 DEBUG   SenderThread:13453 [sender.py:send():176] send: stats
2021-05-21 21:25:52,943 DEBUG   HandlerThread:13453 [handler.py:handle_request():121] handle_request: stop_status
2021-05-21 21:25:52,943 DEBUG   SenderThread:13453 [sender.py:send_request():186] send_request: stop_status
2021-05-21 21:26:09,272 DEBUG   HandlerThread:13453 [handler.py:handle_request():121] handle_request: stop_status
2021-05-21 21:26:09,357 DEBUG   SenderThread:13453 [sender.py:send_request():186] send_request: stop_status
2021-05-21 21:26:22,967 DEBUG   SenderThread:13453 [sender.py:send():176] send: stats
2021-05-21 21:26:25,837 DEBUG   HandlerThread:13453 [handler.py:handle_request():121] handle_request: stop_status
2021-05-21 21:26:25,838 DEBUG   SenderThread:13453 [sender.py:send_request():186] send_request: stop_status
2021-05-21 21:27:27,158 ERROR   SenderThread:13453 [retry.py:__call__():126] Retry attempt failed:
Traceback (most recent call last):
  File "/home/usuariohi/anaconda3/envs/pytorch-opacidad/lib/python3.6/site-packages/urllib3/connectionpool.py", line 706, in urlopen
    chunked=chunked,
  File "/home/usuariohi/anaconda3/envs/pytorch-opacidad/lib/python3.6/site-packages/urllib3/connectionpool.py", line 382, in _make_request
    self._validate_conn(conn)
  File "/home/usuariohi/anaconda3/envs/pytorch-opacidad/lib/python3.6/site-packages/urllib3/connectionpool.py", line 1010, in _validate_conn
    conn.connect()
  File "/home/usuariohi/anaconda3/envs/pytorch-opacidad/lib/python3.6/site-packages/urllib3/connection.py", line 421, in connect
    tls_in_tls=tls_in_tls,
  File "/home/usuariohi/anaconda3/envs/pytorch-opacidad/lib/python3.6/site-packages/urllib3/util/ssl_.py", line 429, in ssl_wrap_socket
    sock, context, tls_in_tls, server_hostname=server_hostname
  File "/home/usuariohi/anaconda3/envs/pytorch-opacidad/lib/python3.6/site-packages/urllib3/util/ssl_.py", line 472, in _ssl_wrap_socket_impl
    return ssl_context.wrap_socket(sock, server_hostname=server_hostname)
  File "/home/usuariohi/anaconda3/envs/pytorch-opacidad/lib/python3.6/ssl.py", line 407, in wrap_socket
    _context=self, _session=session)
  File "/home/usuariohi/anaconda3/envs/pytorch-opacidad/lib/python3.6/ssl.py", line 817, in __init__
    self.do_handshake()
  File "/home/usuariohi/anaconda3/envs/pytorch-opacidad/lib/python3.6/ssl.py", line 1077, in do_handshake
    self._sslobj.do_handshake()
  File "/home/usuariohi/anaconda3/envs/pytorch-opacidad/lib/python3.6/ssl.py", line 689, in do_handshake
    self._sslobj.do_handshake()
OSError: [Errno 0] Error

During handling of the above exception, another exception occurred:

Traceback (most recent call last):
  File "/home/usuariohi/anaconda3/envs/pytorch-opacidad/lib/python3.6/site-packages/requests/adapters.py", line 449, in send
    timeout=timeout
  File "/home/usuariohi/anaconda3/envs/pytorch-opacidad/lib/python3.6/site-packages/urllib3/connectionpool.py", line 756, in urlopen
    method, url, error=e, _pool=self, _stacktrace=sys.exc_info()[2]
  File "/home/usuariohi/anaconda3/envs/pytorch-opacidad/lib/python3.6/site-packages/urllib3/util/retry.py", line 532, in increment
    raise six.reraise(type(error), error, _stacktrace)
  File "/home/usuariohi/anaconda3/envs/pytorch-opacidad/lib/python3.6/site-packages/urllib3/packages/six.py", line 734, in reraise
    raise value.with_traceback(tb)
  File "/home/usuariohi/anaconda3/envs/pytorch-opacidad/lib/python3.6/site-packages/urllib3/connectionpool.py", line 706, in urlopen
    chunked=chunked,
  File "/home/usuariohi/anaconda3/envs/pytorch-opacidad/lib/python3.6/site-packages/urllib3/connectionpool.py", line 382, in _make_request
    self._validate_conn(conn)
  File "/home/usuariohi/anaconda3/envs/pytorch-opacidad/lib/python3.6/site-packages/urllib3/connectionpool.py", line 1010, in _validate_conn
    conn.connect()
  File "/home/usuariohi/anaconda3/envs/pytorch-opacidad/lib/python3.6/site-packages/urllib3/connection.py", line 421, in connect
    tls_in_tls=tls_in_tls,
  File "/home/usuariohi/anaconda3/envs/pytorch-opacidad/lib/python3.6/site-packages/urllib3/util/ssl_.py", line 429, in ssl_wrap_socket
    sock, context, tls_in_tls, server_hostname=server_hostname
  File "/home/usuariohi/anaconda3/envs/pytorch-opacidad/lib/python3.6/site-packages/urllib3/util/ssl_.py", line 472, in _ssl_wrap_socket_impl
    return ssl_context.wrap_socket(sock, server_hostname=server_hostname)
  File "/home/usuariohi/anaconda3/envs/pytorch-opacidad/lib/python3.6/ssl.py", line 407, in wrap_socket
    _context=self, _session=session)
  File "/home/usuariohi/anaconda3/envs/pytorch-opacidad/lib/python3.6/ssl.py", line 817, in __init__
    self.do_handshake()
  File "/home/usuariohi/anaconda3/envs/pytorch-opacidad/lib/python3.6/ssl.py", line 1077, in do_handshake
    self._sslobj.do_handshake()
  File "/home/usuariohi/anaconda3/envs/pytorch-opacidad/lib/python3.6/ssl.py", line 689, in do_handshake
    self._sslobj.do_handshake()
urllib3.exceptions.ProtocolError: ('Connection aborted.', OSError(0, 'Error'))

During handling of the above exception, another exception occurred:

Traceback (most recent call last):
  File "/home/usuariohi/anaconda3/envs/pytorch-opacidad/lib/python3.6/site-packages/wandb/sdk/lib/retry.py", line 102, in __call__
    result = self._call_fn(*args, **kwargs)
  File "/home/usuariohi/anaconda3/envs/pytorch-opacidad/lib/python3.6/site-packages/wandb/sdk/internal/internal_api.py", line 127, in execute
    return self.client.execute(*args, **kwargs)
  File "/home/usuariohi/anaconda3/envs/pytorch-opacidad/lib/python3.6/site-packages/wandb/vendor/gql-0.2.0/gql/client.py", line 52, in execute
    result = self._get_result(document, *args, **kwargs)
  File "/home/usuariohi/anaconda3/envs/pytorch-opacidad/lib/python3.6/site-packages/wandb/vendor/gql-0.2.0/gql/client.py", line 60, in _get_result
    return self.transport.execute(document, *args, **kwargs)
  File "/home/usuariohi/anaconda3/envs/pytorch-opacidad/lib/python3.6/site-packages/wandb/vendor/gql-0.2.0/gql/transport/requests.py", line 38, in execute
    request = requests.post(self.url, **post_args)
  File "/home/usuariohi/anaconda3/envs/pytorch-opacidad/lib/python3.6/site-packages/requests/api.py", line 119, in post
    return request('post', url, data=data, json=json, **kwargs)
  File "/home/usuariohi/anaconda3/envs/pytorch-opacidad/lib/python3.6/site-packages/requests/api.py", line 61, in request
    return session.request(method=method, url=url, **kwargs)
  File "/home/usuariohi/anaconda3/envs/pytorch-opacidad/lib/python3.6/site-packages/requests/sessions.py", line 542, in request
    resp = self.send(prep, **send_kwargs)
  File "/home/usuariohi/anaconda3/envs/pytorch-opacidad/lib/python3.6/site-packages/requests/sessions.py", line 655, in send
    r = adapter.send(request, **kwargs)
  File "/home/usuariohi/anaconda3/envs/pytorch-opacidad/lib/python3.6/site-packages/requests/adapters.py", line 498, in send
    raise ConnectionError(err, request=request)
requests.exceptions.ConnectionError: ('Connection aborted.', OSError(0, 'Error'))
2021-05-21 21:28:04,989 DEBUG   SenderThread:13453 [sender.py:send():176] send: stats
2021-05-21 21:28:28,862 DEBUG   SenderThread:13453 [sender.py:send():176] send: stats
2021-05-21 21:28:38,773 DEBUG   HandlerThread:13453 [handler.py:handle_request():121] handle_request: stop_status
2021-05-21 21:28:51,958 DEBUG   SenderThread:13453 [sender.py:send_request():186] send_request: stop_status
2021-05-21 21:29:33,478 DEBUG   SenderThread:13453 [sender.py:send():176] send: stats
2021-05-21 21:29:39,607 DEBUG   HandlerThread:13453 [handler.py:handle_request():121] handle_request: stop_status
2021-05-21 21:29:39,608 DEBUG   SenderThread:13453 [sender.py:send_request():186] send_request: stop_status
2021-05-21 21:30:00,183 DEBUG   HandlerThread:13453 [handler.py:handle_request():121] handle_request: stop_status
2021-05-21 21:30:00,184 DEBUG   SenderThread:13453 [sender.py:send_request():186] send_request: stop_status
2021-05-21 23:49:37,040 WARNING MainThread:13453 [internal.py:is_dead():367] Internal process exiting, parent pid 13316 disappeared
2021-05-21 23:49:38,769 ERROR   MainThread:13453 [internal.py:wandb_internal():143] Internal process shutdown.
2021-05-21 23:49:42,727 INFO    HandlerThread:13453 [handler.py:finish():632] shutting down handler
2021-05-21 23:49:42,728 INFO    WriterThread:13453 [datastore.py:close():258] close: /home/usuariohi/Documentos/Repos/MixedMaskRCNN/wandb/run-20210521_194543-3l8lwafm/run-3l8lwafm.wandb
2021-05-21 23:49:46,569 INFO    SenderThread:13453 [sender.py:finish():925] shutting down sender
2021-05-21 23:49:46,659 INFO    SenderThread:13453 [dir_watcher.py:finish():282] shutting down directory watcher
2021-05-21 23:49:47,909 INFO    SenderThread:13453 [dir_watcher.py:finish():312] scan: /home/usuariohi/Documentos/Repos/MixedMaskRCNN/wandb/run-20210521_194543-3l8lwafm/files
2021-05-21 23:49:47,910 INFO    SenderThread:13453 [dir_watcher.py:finish():318] scan save: /home/usuariohi/Documentos/Repos/MixedMaskRCNN/wandb/run-20210521_194543-3l8lwafm/files/output.log output.log
2021-05-21 23:49:47,910 INFO    SenderThread:13453 [dir_watcher.py:finish():318] scan save: /home/usuariohi/Documentos/Repos/MixedMaskRCNN/wandb/run-20210521_194543-3l8lwafm/files/wandb-metadata.json wandb-metadata.json
2021-05-21 23:49:47,910 INFO    SenderThread:13453 [dir_watcher.py:finish():318] scan save: /home/usuariohi/Documentos/Repos/MixedMaskRCNN/wandb/run-20210521_194543-3l8lwafm/files/requirements.txt requirements.txt
2021-05-21 23:49:47,911 INFO    SenderThread:13453 [dir_watcher.py:finish():318] scan save: /home/usuariohi/Documentos/Repos/MixedMaskRCNN/wandb/run-20210521_194543-3l8lwafm/files/wandb-summary.json wandb-summary.json
2021-05-21 23:49:47,917 INFO    SenderThread:13453 [dir_watcher.py:finish():318] scan save: /home/usuariohi/Documentos/Repos/MixedMaskRCNN/wandb/run-20210521_194543-3l8lwafm/files/config.yaml config.yaml
2021-05-21 23:49:47,926 INFO    SenderThread:13453 [dir_watcher.py:finish():318] scan save: /home/usuariohi/Documentos/Repos/MixedMaskRCNN/wandb/run-20210521_194543-3l8lwafm/files/conda-environment.yaml conda-environment.yaml
2021-05-21 23:49:47,928 INFO    SenderThread:13453 [dir_watcher.py:finish():318] scan save: /home/usuariohi/Documentos/Repos/MixedMaskRCNN/wandb/run-20210521_194543-3l8lwafm/files/media/graph/graph_0_summary_54c3e273.graph.json media/graph/graph_0_summary_54c3e273.graph.json
2021-05-21 23:49:47,929 INFO    SenderThread:13453 [file_pusher.py:finish():176] shutting down file pusher
2021-05-21 23:49:47,929 INFO    SenderThread:13453 [file_pusher.py:join():181] waiting for file pusher
2021-05-21 23:49:49,881 INFO    Thread-16 :13453 [upload_job.py:push():133] Uploaded file /home/usuariohi/Documentos/Repos/MixedMaskRCNN/wandb/run-20210521_194543-3l8lwafm/files/conda-environment.yaml
2021-05-21 23:49:49,883 INFO    Thread-15 :13453 [upload_job.py:push():133] Uploaded file /home/usuariohi/Documentos/Repos/MixedMaskRCNN/wandb/run-20210521_194543-3l8lwafm/files/config.yaml
2021-05-21 23:49:49,932 INFO    Thread-13 :13453 [upload_job.py:push():133] Uploaded file /home/usuariohi/Documentos/Repos/MixedMaskRCNN/wandb/run-20210521_194543-3l8lwafm/files/requirements.txt
2021-05-21 23:49:50,080 INFO    Thread-14 :13453 [upload_job.py:push():133] Uploaded file /home/usuariohi/Documentos/Repos/MixedMaskRCNN/wandb/run-20210521_194543-3l8lwafm/files/wandb-summary.json
2021-05-21 23:49:51,281 INFO    MainThread:13453 [internal.py:handle_exit():78] Internal process exited
